{"target": 0.08343071991827232, "params": {"lr_all": 0.041702200470257404, "n_epochs": 72.31212485077366, "n_factors": 50.017156222601734, "reg_all": 0.030233257263183978}, "datetime": {"datetime": "2021-03-15 22:59:08", "elapsed": 0.0, "delta": 0.0}}
{"target": 0.10516200050135292, "params": {"lr_all": 0.0007719855984121061, "n_epochs": 17.024232487056924, "n_factors": 156.40535512549977, "reg_all": 0.0764736858991601}, "datetime": {"datetime": "2021-03-15 23:01:30", "elapsed": 142.312298, "delta": 142.312298}}
{"target": 0.09913510190935179, "params": {"lr_all": 0.04232734339676586, "n_epochs": 99.55112626720647, "n_factors": 198.7167323645385, "reg_all": 0.020501358392603277}, "datetime": {"datetime": "2021-03-15 23:07:08", "elapsed": 480.497302, "delta": 338.185004}}
{"target": 0.08983252744228763, "params": {"lr_all": 0.07985508097766557, "n_epochs": 1.6706713402004847, "n_factors": 199.38048695975297, "reg_all": 0.03845153816296574}, "datetime": {"datetime": "2021-03-15 23:09:02", "elapsed": 594.333126, "delta": 113.835824}}
{"target": 0.08291848483548919, "params": {"lr_all": 0.06501918790850252, "n_epochs": 1.5508381763535009, "n_factors": 50.54196800820965, "reg_all": 0.08884011474393638}, "datetime": {"datetime": "2021-03-15 23:10:53", "elapsed": 705.127977, "delta": 110.794851}}
{"target": 0.09145545866100578, "params": {"lr_all": 0.04656051577994516, "n_epochs": 99.81771243375853, "n_factors": 133.8801102921492, "reg_all": 0.010883570887481854}, "datetime": {"datetime": "2021-03-15 23:15:34", "elapsed": 986.703022, "delta": 281.575045}}
{"target": 0.0801226923327776, "params": {"lr_all": 0.08739877849939896, "n_epochs": 54.86148034758865, "n_factors": 180.0708081704667, "reg_all": 0.04616074310131342}, "datetime": {"datetime": "2021-03-15 23:19:22", "elapsed": 1214.529246, "delta": 227.826224}}
{"target": 0.09084942770120925, "params": {"lr_all": 0.024441582933217788, "n_epochs": 1.2080789686682962, "n_factors": 107.55900412345855, "reg_all": 0.04884570125369297}, "datetime": {"datetime": "2021-03-15 23:21:15", "elapsed": 1326.808154, "delta": 112.278908}}
{"target": 0.0594902898680579, "params": {"lr_all": 0.0859271435538847, "n_epochs": 99.1748795042289, "n_factors": 50.15967457181515, "reg_all": 0.023283672267636238}, "datetime": {"datetime": "2021-03-15 23:24:35", "elapsed": 1527.612256, "delta": 200.804102}}
{"target": 0.05088689448724053, "params": {"lr_all": 0.059557474064432174, "n_epochs": 47.841217767147754, "n_factors": 105.10937827084402, "reg_all": 0.09599116675827468}, "datetime": {"datetime": "2021-03-15 23:27:35", "elapsed": 1706.754857, "delta": 179.142601}}
{"target": 0.10584225841073798, "params": {"lr_all": 0.07205285308847581, "n_epochs": 1.1611538069899967, "n_factors": 156.38036246555987, "reg_all": 0.010633964964498178}, "datetime": {"datetime": "2021-03-15 23:29:29", "elapsed": 1821.222166, "delta": 114.467309}}
{"target": 0.07928400093761087, "params": {"lr_all": 0.09545557091225966, "n_epochs": 99.82364689729994, "n_factors": 169.73678716092192, "reg_all": 0.017496158149779627}, "datetime": {"datetime": "2021-03-15 23:34:41", "elapsed": 2133.203727, "delta": 311.981561}}
{"target": 0.08487076259450456, "params": {"lr_all": 0.08828190530296356, "n_epochs": 29.874013794835555, "n_factors": 199.86748624482652, "reg_all": 0.030626516731335318}, "datetime": {"datetime": "2021-03-15 23:37:42", "elapsed": 2314.073542, "delta": 180.869815}}
{"target": 0.10774261872278675, "params": {"lr_all": 0.005836189970497264, "n_epochs": 33.851548852878736, "n_factors": 50.385788558548136, "reg_all": 0.07609007176297217}, "datetime": {"datetime": "2021-03-15 23:40:03", "elapsed": 2455.025037, "delta": 140.951495}}
{"target": 0.09012834379689813, "params": {"lr_all": 0.017051279611384685, "n_epochs": 99.38118821580807, "n_factors": 93.72054064862239, "reg_all": 0.017056358720188004}, "datetime": {"datetime": "2021-03-15 23:44:08", "elapsed": 2700.267254, "delta": 245.242217}}
{"target": 0.11787903858117263, "params": {"lr_all": 0.03538941346957308, "n_epochs": 11.423376038334107, "n_factors": 175.37977757712613, "reg_all": 0.0812649404886769}, "datetime": {"datetime": "2021-03-15 23:46:25", "elapsed": 2837.597607, "delta": 137.330353}}
{"target": 0.05276132491346938, "params": {"lr_all": 0.07093108945301185, "n_epochs": 18.157724489298644, "n_factors": 69.54007659313342, "reg_all": 0.09757608540804812}, "datetime": {"datetime": "2021-03-15 23:48:38", "elapsed": 2970.262749, "delta": 132.665142}}
{"target": 0.07972185367448792, "params": {"lr_all": 0.06965045444804367, "n_epochs": 16.351524557283675, "n_factors": 172.19756618844895, "reg_all": 0.08004031083414533}, "datetime": {"datetime": "2021-03-15 23:51:06", "elapsed": 3117.837934, "delta": 147.575185}}
{"target": 0.10045443219972516, "params": {"lr_all": 0.046313606703560474, "n_epochs": 69.8679137273458, "n_factors": 199.87025546259477, "reg_all": 0.03144011673224241}, "datetime": {"datetime": "2021-03-15 23:55:46", "elapsed": 3397.99553, "delta": 280.157596}}
{"target": 0.10213672808235459, "params": {"lr_all": 0.02919752556676706, "n_epochs": 65.51315321003794, "n_factors": 141.2900928143391, "reg_all": 0.07168371884377485}, "datetime": {"datetime": "2021-03-15 23:59:41", "elapsed": 3632.839772, "delta": 234.844242}}
{"target": 0.08305824723037163, "params": {"lr_all": 0.002159076101651103, "n_epochs": 24.882885792685602, "n_factors": 126.34463842317088, "reg_all": 0.06381046439891146}, "datetime": {"datetime": "2021-03-16 00:02:19", "elapsed": 3791.672843, "delta": 158.833071}}
