{"target": 0.07329260880869297, "params": {"lr_all": 0.041702200470257404, "n_epochs": 72.0324493442158, "n_factors": 20.02058746712208, "reg_all": 0.04534988589477596}, "datetime": {"datetime": "2021-03-12 23:30:32", "elapsed": 0.0, "delta": 0.0}}
{"target": 0.11197322084299227, "params": {"lr_all": 0.0007719855984121061, "n_epochs": 16.18609342126962, "n_factors": 147.68642615059971, "reg_all": 0.11471052884874014}, "datetime": {"datetime": "2021-03-12 23:32:37", "elapsed": 125.386191, "delta": 125.386191}}
{"target": 0.10134422935934857, "params": {"lr_all": 0.04232734339676586, "n_epochs": 99.54659218909745, "n_factors": 198.46007883744622, "reg_all": 0.03075203758890491}, "datetime": {"datetime": "2021-03-12 23:37:58", "elapsed": 446.183715, "delta": 320.797524}}
{"target": 0.13968588357516448, "params": {"lr_all": 0.01988908703980633, "n_epochs": 13.617785544181672, "n_factors": 150.49338447602196, "reg_all": 0.05100191879694003}, "datetime": {"datetime": "2021-03-12 23:39:59", "elapsed": 567.499912, "delta": 121.316197}}
{"target": 0.01560287038377211, "params": {"lr_all": 0.1, "n_epochs": 0.0, "n_factors": 20.0, "reg_all": 0.0}, "datetime": {"datetime": "2021-03-12 23:41:35", "elapsed": 662.846194, "delta": 95.346282}}
{"target": 0.012732453107326465, "params": {"lr_all": 0.1, "n_epochs": 0.0, "n_factors": 200.0, "reg_all": 0.15}, "datetime": {"datetime": "2021-03-12 23:43:14", "elapsed": 761.883212, "delta": 99.037018}}
{"target": 0.019922350342816444, "params": {"lr_all": 0.1, "n_epochs": 100.0, "n_factors": 94.48617609343034, "reg_all": 0.0}, "datetime": {"datetime": "2021-03-12 23:46:50", "elapsed": 978.669615, "delta": 216.786403}}
{"target": 0.014257771666586278, "params": {"lr_all": 0.1, "n_epochs": 0.0, "n_factors": 90.59072000900078, "reg_all": 0.0}, "datetime": {"datetime": "2021-03-12 23:48:28", "elapsed": 1075.783307, "delta": 97.113692}}
{"target": 0.012995227641884197, "params": {"lr_all": 0.0, "n_epochs": 100.0, "n_factors": 20.0, "reg_all": 0.0}, "datetime": {"datetime": "2021-03-12 23:51:01", "elapsed": 1229.50165, "delta": 153.718343}}
{"target": 0.019922350342816444, "params": {"lr_all": 0.0999999991308456, "n_epochs": 100.0, "n_factors": 154.01378226331576, "reg_all": 0.0}, "datetime": {"datetime": "2021-03-12 23:55:37", "elapsed": 1505.140427, "delta": 275.638777}}
{"target": 0.013879976734586671, "params": {"lr_all": 0.08488669383311453, "n_epochs": 0.16659736123775248, "n_factors": 137.9912213071098, "reg_all": 0.058106438169970055}, "datetime": {"datetime": "2021-03-12 23:57:15", "elapsed": 1603.201661, "delta": 98.061234}}
{"target": 0.019922350342816444, "params": {"lr_all": 0.1, "n_epochs": 51.30195097835286, "n_factors": 200.0, "reg_all": 0.0}, "datetime": {"datetime": "2021-03-13 00:00:44", "elapsed": 1812.198005, "delta": 208.996344}}
{"target": 0.04982082325969516, "params": {"lr_all": 0.1, "n_epochs": 44.19312493605365, "n_factors": 60.18121271623464, "reg_all": 0.0}, "datetime": {"datetime": "2021-03-13 00:03:03", "elapsed": 1951.588468, "delta": 139.390463}}
{"target": 0.012896222318714724, "params": {"lr_all": 0.0, "n_epochs": 24.059035957600752, "n_factors": 175.00518420130322, "reg_all": 0.15}, "datetime": {"datetime": "2021-03-13 00:05:29", "elapsed": 2097.446262, "delta": 145.857794}}
{"target": 0.013831562964035116, "params": {"lr_all": 0.04302954584812718, "n_epochs": 0.7565482556874503, "n_factors": 54.726659529281285, "reg_all": 0.13346129601384207}, "datetime": {"datetime": "2021-03-13 00:07:05", "elapsed": 2192.756484, "delta": 95.310222}}
{"target": 0.04818553340695346, "params": {"lr_all": 0.1, "n_epochs": 100.0, "n_factors": 55.32059706254552, "reg_all": 0.0}, "datetime": {"datetime": "2021-03-13 00:10:13", "elapsed": 2381.11614, "delta": 188.359656}}
{"target": 0.04273266865191038, "params": {"lr_all": 0.1, "n_epochs": 34.1088911788907, "n_factors": 20.0, "reg_all": 0.0}, "datetime": {"datetime": "2021-03-13 00:12:10", "elapsed": 2498.048282, "delta": 116.932142}}
{"target": 0.019922350342816444, "params": {"lr_all": 0.1, "n_epochs": 62.43530183218707, "n_factors": 106.49810788763286, "reg_all": 0.0}, "datetime": {"datetime": "2021-03-13 00:15:09", "elapsed": 2677.023069, "delta": 178.974787}}
{"target": 0.01357810263585341, "params": {"lr_all": 0.07709037357344896, "n_epochs": 0.04239282847859904, "n_factors": 168.40276638161077, "reg_all": 0.045103741788775936}, "datetime": {"datetime": "2021-03-13 00:16:46", "elapsed": 2773.950875, "delta": 96.927806}}
{"target": 0.012851326503808795, "params": {"lr_all": 0.0, "n_epochs": 74.43430262231402, "n_factors": 71.87749326012548, "reg_all": 0.0}, "datetime": {"datetime": "2021-03-13 00:19:41", "elapsed": 2949.644307, "delta": 175.693432}}
{"target": 0.019922350342816444, "params": {"lr_all": 0.1, "n_epochs": 75.38564563873135, "n_factors": 174.4381001647982, "reg_all": 0.0}, "datetime": {"datetime": "2021-03-13 00:23:44", "elapsed": 3192.429504, "delta": 242.785197}}
{"target": 0.050010838653822325, "params": {"lr_all": 0.1, "n_epochs": 29.698924117306948, "n_factors": 87.62194677745521, "reg_all": 0.0}, "datetime": {"datetime": "2021-03-13 00:25:57", "elapsed": 3325.608123, "delta": 133.178619}}
{"target": 0.059043531518202116, "params": {"lr_all": 0.07992803468588897, "n_epochs": 78.97400629750841, "n_factors": 199.8624713766027, "reg_all": 0.08154310614310546}, "datetime": {"datetime": "2021-03-13 00:30:30", "elapsed": 3598.598606, "delta": 272.990483}}
{"target": 0.019922350342816444, "params": {"lr_all": 0.1, "n_epochs": 81.97569393288134, "n_factors": 131.6575054813847, "reg_all": 0.0}, "datetime": {"datetime": "2021-03-13 00:34:13", "elapsed": 3821.014562, "delta": 222.415956}}
{"target": 0.07411817806975687, "params": {"lr_all": 0.016636352606819872, "n_epochs": 72.45749077230099, "n_factors": 40.18194420238214, "reg_all": 0.08668392767469871}, "datetime": {"datetime": "2021-03-13 00:36:44", "elapsed": 3972.028816, "delta": 151.014254}}
{"target": 0.06798316719648212, "params": {"lr_all": 0.017805482121972506, "n_epochs": 99.05884414552692, "n_factors": 181.67823231597646, "reg_all": 0.10578386772199881}, "datetime": {"datetime": "2021-03-13 00:41:46", "elapsed": 4274.529558, "delta": 302.500742}}
{"target": 0.11661710154342082, "params": {"lr_all": 0.032502642857484235, "n_epochs": 18.430034093184478, "n_factors": 69.30329246548854, "reg_all": 0.06492707099466864}, "datetime": {"datetime": "2021-03-13 00:43:41", "elapsed": 4389.345932, "delta": 114.816374}}
{"target": 0.012815644382260412, "params": {"lr_all": 0.0, "n_epochs": 22.90871431869197, "n_factors": 44.0413506425929, "reg_all": 0.0}, "datetime": {"datetime": "2021-03-13 00:45:34", "elapsed": 4502.368681, "delta": 113.022749}}
{"target": 0.07561774966093603, "params": {"lr_all": 0.08694595359709242, "n_epochs": 99.92202279997441, "n_factors": 121.99813179438544, "reg_all": 0.02805201423541783}, "datetime": {"datetime": "2021-03-13 00:49:42", "elapsed": 4750.54491, "delta": 248.176229}}
{"target": 0.1172398568324475, "params": {"lr_all": 0.02124743540432632, "n_epochs": 24.775870765843134, "n_factors": 199.73452407148056, "reg_all": 0.026246513516029545}, "datetime": {"datetime": "2021-03-13 00:52:15", "elapsed": 4902.887606, "delta": 152.342696}}
{"target": 0.08781647640669085, "params": {"lr_all": 0.072698339663945, "n_epochs": 12.523537200326496, "n_factors": 157.9500438448003, "reg_all": 0.07570678551561484}, "datetime": {"datetime": "2021-03-13 00:54:15", "elapsed": 5022.887879, "delta": 120.000273}}
{"target": 0.023437324102217685, "params": {"lr_all": 0.02233308583215149, "n_epochs": 53.19235716447716, "n_factors": 32.16965386685513, "reg_all": 0.12515493608141878}, "datetime": {"datetime": "2021-03-13 00:56:27", "elapsed": 5155.179329, "delta": 132.29145}}
{"target": 0.023532643948044128, "params": {"lr_all": 0.08018798559455437, "n_epochs": 84.14809693733874, "n_factors": 106.99408766043685, "reg_all": 0.1397710577006647}, "datetime": {"datetime": "2021-03-13 01:00:00", "elapsed": 5367.973026, "delta": 212.793697}}
{"target": 0.014436148769988716, "params": {"lr_all": 0.0, "n_epochs": 90.91540382935816, "n_factors": 35.87251500809854, "reg_all": 0.0}, "datetime": {"datetime": "2021-03-13 01:02:40", "elapsed": 5527.862734, "delta": 159.889708}}
{"target": 0.014835185453219907, "params": {"lr_all": 0.07544429876838739, "n_epochs": 0.08073232971891331, "n_factors": 73.88846184687206, "reg_all": 0.06373545008700737}, "datetime": {"datetime": "2021-03-13 01:04:16", "elapsed": 5624.472026, "delta": 96.609292}}
{"target": 0.09748050414394434, "params": {"lr_all": 0.01817218675910951, "n_epochs": 54.07173439674566, "n_factors": 157.0842493513127, "reg_all": 0.006205477142617815}, "datetime": {"datetime": "2021-03-13 01:07:34", "elapsed": 5822.359641, "delta": 197.887615}}
{"target": 0.10599819366937736, "params": {"lr_all": 0.036604023821087094, "n_epochs": 49.05080891311003, "n_factors": 177.21542798038652, "reg_all": 0.01905750525331047}, "datetime": {"datetime": "2021-03-13 01:10:52", "elapsed": 6019.924628, "delta": 197.564987}}
{"target": 0.014640067348189605, "params": {"lr_all": 0.062117895317342076, "n_epochs": 0.19839553792485587, "n_factors": 150.7714026610633, "reg_all": 0.06525741561881303}, "datetime": {"datetime": "2021-03-13 01:12:31", "elapsed": 6119.419258, "delta": 99.49463}}
{"target": 0.07713499404665115, "params": {"lr_all": 0.09697796649313158, "n_epochs": 15.872260139205817, "n_factors": 111.39660987074961, "reg_all": 0.03430531437040456}, "datetime": {"datetime": "2021-03-13 01:14:30", "elapsed": 6238.57728, "delta": 119.158022}}
{"target": 0.01363134103129038, "params": {"lr_all": 0.0, "n_epochs": 56.404495238707554, "n_factors": 130.27630754099792, "reg_all": 0.0}, "datetime": {"datetime": "2021-03-13 01:17:36", "elapsed": 6424.693471, "delta": 186.116191}}
{"target": 0.045469571135519964, "params": {"lr_all": 0.057693714732391356, "n_epochs": 11.940999862769008, "n_factors": 190.78366172351755, "reg_all": 0.14368093374027935}, "datetime": {"datetime": "2021-03-13 01:19:39", "elapsed": 6546.989318, "delta": 122.295847}}
{"target": 0.05863271582602039, "params": {"lr_all": 0.03844277843458571, "n_epochs": 13.925681488161668, "n_factors": 87.35116487745135, "reg_all": 0.1265209996113249}, "datetime": {"datetime": "2021-03-13 01:21:31", "elapsed": 6659.257847, "delta": 112.268529}}
{"target": 0.11586615120612677, "params": {"lr_all": 0.015199948302768296, "n_epochs": 69.57321948421611, "n_factors": 151.91698714203622, "reg_all": 0.040633362968695574}, "datetime": {"datetime": "2021-03-13 01:25:13", "elapsed": 6880.760691, "delta": 221.502844}}
{"target": 0.013305678851524873, "params": {"lr_all": 0.0, "n_epochs": 52.86795644454673, "n_factors": 81.42308141089762, "reg_all": 0.0}, "datetime": {"datetime": "2021-03-13 01:27:47", "elapsed": 7034.825853, "delta": 154.065162}}
{"target": 0.08170268606523245, "params": {"lr_all": 0.09252713855134626, "n_epochs": 35.065338462941156, "n_factors": 190.9714496821216, "reg_all": 0.03712901728653176}, "datetime": {"datetime": "2021-03-13 01:30:42", "elapsed": 7209.990316, "delta": 175.164463}}
{"target": 0.054293285149625815, "params": {"lr_all": 0.1, "n_epochs": 15.869847848662236, "n_factors": 20.0, "reg_all": 0.0}, "datetime": {"datetime": "2021-03-13 01:32:27", "elapsed": 7315.640334, "delta": 105.650018}}
{"target": 0.013313786901679517, "params": {"lr_all": 0.08658030829009512, "n_epochs": 0.620404975545541, "n_factors": 111.41120869267425, "reg_all": 0.011077811845094543}, "datetime": {"datetime": "2021-03-13 01:34:04", "elapsed": 7412.080385, "delta": 96.440051}}
{"target": 0.09867615553169616, "params": {"lr_all": 0.018380576660205462, "n_epochs": 60.27389497787482, "n_factors": 166.4765523508476, "reg_all": 0.006134063888458424}, "datetime": {"datetime": "2021-03-13 01:37:37", "elapsed": 7624.830999, "delta": 212.750614}}
{"target": 0.01615498839409681, "params": {"lr_all": 0.0, "n_epochs": 100.0, "n_factors": 72.7875670697612, "reg_all": 0.0}, "datetime": {"datetime": "2021-03-13 01:41:00", "elapsed": 7827.706221, "delta": 202.875222}}
{"target": 0.019922350342816444, "params": {"lr_all": 0.09775060377237374, "n_epochs": 10.098221259228456, "n_factors": 143.68982992159386, "reg_all": 0.0019250424779271135}, "datetime": {"datetime": "2021-03-13 01:42:48", "elapsed": 7936.675759, "delta": 108.969538}}
{"target": 0.013583262304133646, "params": {"lr_all": 0.0, "n_epochs": 36.94907887605061, "n_factors": 109.39117722900923, "reg_all": 0.15}, "datetime": {"datetime": "2021-03-13 01:45:16", "elapsed": 8084.507277, "delta": 147.831518}}
