{"target": 0.28108018506493354, "params": {"weight": 0.417022004702574}, "datetime": {"datetime": "2021-03-10 20:38:59", "elapsed": 0.0, "delta": 0.0}}
{"target": 0.2713736858175247, "params": {"weight": 1.0}, "datetime": {"datetime": "2021-03-10 20:42:16", "elapsed": 196.976239, "delta": 196.976239}}
{"target": 0.12340998269497508, "params": {"weight": 0.0}, "datetime": {"datetime": "2021-03-10 20:45:30", "elapsed": 390.50743, "delta": 193.531191}}
{"target": 0.27235977997835836, "params": {"weight": 0.7143330442023518}, "datetime": {"datetime": "2021-03-10 20:48:36", "elapsed": 577.030618, "delta": 186.523188}}
{"target": 0.27910185974598667, "params": {"weight": 0.5376300079942821}, "datetime": {"datetime": "2021-03-10 20:51:41", "elapsed": 761.182015, "delta": 184.151397}}
{"target": 0.28054820902370475, "params": {"weight": 0.46284332056499566}, "datetime": {"datetime": "2021-03-10 20:54:44", "elapsed": 945.057817, "delta": 183.875802}}
{"target": 0.2802478440837199, "params": {"weight": 0.38065303511425796}, "datetime": {"datetime": "2021-03-10 20:57:48", "elapsed": 1128.617895, "delta": 183.560078}}
{"target": 0.2808899412979137, "params": {"weight": 0.44305693329498796}, "datetime": {"datetime": "2021-03-10 21:00:52", "elapsed": 1312.697483, "delta": 184.079588}}
{"target": 0.2714609222800782, "params": {"weight": 0.8837592198624169}, "datetime": {"datetime": "2021-03-10 21:03:56", "elapsed": 1496.704309, "delta": 184.006826}}
{"target": 0.28103835015496353, "params": {"weight": 0.440965106565405}, "datetime": {"datetime": "2021-03-10 21:07:08", "elapsed": 1688.203009, "delta": 191.4987}}
{"target": 0.2811012553610391, "params": {"weight": 0.4391347374361637}, "datetime": {"datetime": "2021-03-10 21:10:12", "elapsed": 1872.574919, "delta": 184.37191}}
{"target": 0.28102136314380816, "params": {"weight": 0.43625103520535724}, "datetime": {"datetime": "2021-03-10 21:13:16", "elapsed": 2056.905304, "delta": 184.330385}}
{"target": 0.2810059950677601, "params": {"weight": 0.43547612270360625}, "datetime": {"datetime": "2021-03-10 21:16:21", "elapsed": 2241.269641, "delta": 184.364337}}
{"target": 0.2807968546283663, "params": {"weight": 0.4099634320818897}, "datetime": {"datetime": "2021-03-10 21:19:26", "elapsed": 2426.270711, "delta": 185.00107}}
{"target": 0.2807055553471426, "params": {"weight": 0.4570054098674273}, "datetime": {"datetime": "2021-03-10 21:22:30", "elapsed": 2610.642623, "delta": 184.371912}}
{"target": 0.2810797521244268, "params": {"weight": 0.41713435186026293}, "datetime": {"datetime": "2021-03-10 21:25:39", "elapsed": 2800.034453, "delta": 189.39183}}
{"target": 0.2808164140932964, "params": {"weight": 0.4506931334488036}, "datetime": {"datetime": "2021-03-10 21:28:45", "elapsed": 2985.997394, "delta": 185.962941}}
{"target": 0.28084522195461403, "params": {"weight": 0.40803367504590726}, "datetime": {"datetime": "2021-03-10 21:31:51", "elapsed": 3171.953376, "delta": 185.955982}}
{"target": 0.2809018280075111, "params": {"weight": 0.44845203881893825}, "datetime": {"datetime": "2021-03-10 21:34:58", "elapsed": 3358.429101, "delta": 186.475725}}
{"target": 0.2810764877530059, "params": {"weight": 0.4207027857381047}, "datetime": {"datetime": "2021-03-10 21:38:06", "elapsed": 3546.203236, "delta": 187.774135}}
{"target": 0.28076328048565197, "params": {"weight": 0.45112888163671205}, "datetime": {"datetime": "2021-03-10 21:41:10", "elapsed": 3730.853235, "delta": 184.649999}}
{"target": 0.2809287256828352, "params": {"weight": 0.40537235471311395}, "datetime": {"datetime": "2021-03-10 21:44:15", "elapsed": 3915.427395, "delta": 184.57416}}
{"target": 0.2810047101528138, "params": {"weight": 0.43701340931534205}, "datetime": {"datetime": "2021-03-10 21:47:20", "elapsed": 4100.291132, "delta": 184.863737}}
{"target": 0.2810033979494948, "params": {"weight": 0.42307405481283367}, "datetime": {"datetime": "2021-03-10 21:50:25", "elapsed": 4285.272084, "delta": 184.980952}}
{"target": 0.2808965007401731, "params": {"weight": 0.4441414451880239}, "datetime": {"datetime": "2021-03-10 21:53:29", "elapsed": 4469.700835, "delta": 184.428751}}
{"target": 0.2808650152074174, "params": {"weight": 0.4047218088709489}, "datetime": {"datetime": "2021-03-10 21:56:39", "elapsed": 4659.255907, "delta": 189.555072}}
{"target": 0.28103164482487275, "params": {"weight": 0.44190656851961885}, "datetime": {"datetime": "2021-03-10 21:59:45", "elapsed": 4845.490542, "delta": 186.234635}}
{"target": 0.2810082138222598, "params": {"weight": 0.434818816890008}, "datetime": {"datetime": "2021-03-10 22:02:51", "elapsed": 5032.016866, "delta": 186.526324}}
{"target": 0.28080889824609906, "params": {"weight": 0.40967639433084524}, "datetime": {"datetime": "2021-03-10 22:05:57", "elapsed": 5217.853314, "delta": 185.836448}}
{"target": 0.2807748281897134, "params": {"weight": 0.4509947327707432}, "datetime": {"datetime": "2021-03-10 22:09:03", "elapsed": 5404.027446, "delta": 186.174132}}
{"target": 0.2810772421190402, "params": {"weight": 0.4199162907871573}, "datetime": {"datetime": "2021-03-10 22:12:09", "elapsed": 5589.721965, "delta": 185.694519}}
{"target": 0.2810220902214716, "params": {"weight": 0.44038353976766875}, "datetime": {"datetime": "2021-03-10 22:15:15", "elapsed": 5775.391598, "delta": 185.669633}}
{"target": 0.28093404639046854, "params": {"weight": 0.4124878822244197}, "datetime": {"datetime": "2021-03-10 22:18:20", "elapsed": 5960.94874, "delta": 185.557142}}
{"target": 0.28101660630838643, "params": {"weight": 0.44050240589279344}, "datetime": {"datetime": "2021-03-10 22:21:26", "elapsed": 6146.201133, "delta": 185.252393}}
{"target": 0.2810652003380265, "params": {"weight": 0.44111574494518024}, "datetime": {"datetime": "2021-03-10 22:24:31", "elapsed": 6331.979441, "delta": 185.778308}}
{"target": 0.28106529532254826, "params": {"weight": 0.42100790007151123}, "datetime": {"datetime": "2021-03-10 22:27:37", "elapsed": 6517.76312, "delta": 185.783679}}
{"target": 0.2806937371208614, "params": {"weight": 0.4512811244846189}, "datetime": {"datetime": "2021-03-10 22:30:43", "elapsed": 6703.203307, "delta": 185.440187}}
{"target": 0.28082864033320626, "params": {"weight": 0.4085087925161204}, "datetime": {"datetime": "2021-03-10 22:33:48", "elapsed": 6888.554815, "delta": 185.351508}}
{"target": 0.28093259171036566, "params": {"weight": 0.4162143435658163}, "datetime": {"datetime": "2021-03-10 22:36:54", "elapsed": 7074.661047, "delta": 186.106232}}
{"target": 0.2808640522427758, "params": {"weight": 0.44472761579912956}, "datetime": {"datetime": "2021-03-10 22:40:00", "elapsed": 7260.520705, "delta": 185.859658}}
{"target": 0.2810076132157013, "params": {"weight": 0.4245913268927919}, "datetime": {"datetime": "2021-03-10 22:43:05", "elapsed": 7446.032117, "delta": 185.511412}}
{"target": 0.280998461902943, "params": {"weight": 0.43560878154945826}, "datetime": {"datetime": "2021-03-10 22:46:11", "elapsed": 7631.557781, "delta": 185.525664}}
{"target": 0.2809723970477195, "params": {"weight": 0.4122677995746322}, "datetime": {"datetime": "2021-03-10 22:49:16", "elapsed": 7816.487055, "delta": 184.929274}}
{"target": 0.28086657116936037, "params": {"weight": 0.4452818630280948}, "datetime": {"datetime": "2021-03-10 22:52:21", "elapsed": 8001.945758, "delta": 185.458703}}
{"target": 0.2808674186832001, "params": {"weight": 0.40929562531058616}, "datetime": {"datetime": "2021-03-10 22:55:28", "elapsed": 8188.300664, "delta": 186.354906}}
{"target": 0.2809996006676699, "params": {"weight": 0.4358343972053036}, "datetime": {"datetime": "2021-03-10 22:58:33", "elapsed": 8373.616545, "delta": 185.315881}}
{"target": 0.28110980659201695, "params": {"weight": 0.43294329791433195}, "datetime": {"datetime": "2021-03-10 23:01:39", "elapsed": 8559.873365, "delta": 186.25682}}
{"target": 0.28105827119081184, "params": {"weight": 0.4221514892064995}, "datetime": {"datetime": "2021-03-10 23:04:45", "elapsed": 8745.521894, "delta": 185.648529}}
{"target": 0.28089210993627006, "params": {"weight": 0.44335980050131263}, "datetime": {"datetime": "2021-03-10 23:07:50", "elapsed": 8930.782856, "delta": 185.260962}}
{"target": 0.2810722417873828, "params": {"weight": 0.4341266731481682}, "datetime": {"datetime": "2021-03-10 23:10:56", "elapsed": 9116.206197, "delta": 185.423341}}
{"target": 0.28117275666647124, "params": {"weight": 0.4176314071187346}, "datetime": {"datetime": "2021-03-10 23:14:01", "elapsed": 9301.800282, "delta": 185.594085}}
