{"target": 0.08681262329858278, "params": {"weight": 0.417022004702574}, "datetime": {"datetime": "2021-03-10 21:02:46", "elapsed": 0.0, "delta": 0.0}}
{"target": 0.06775126187587187, "params": {"weight": 1.0}, "datetime": {"datetime": "2021-03-10 21:26:24", "elapsed": 1417.664093, "delta": 1417.664093}}
{"target": 0.0806805462694697, "params": {"weight": 0.0}, "datetime": {"datetime": "2021-03-10 21:49:57", "elapsed": 2831.020442, "delta": 1413.356349}}
{"target": 0.09372830048122587, "params": {"weight": 0.34654711678611516}, "datetime": {"datetime": "2021-03-10 22:13:36", "elapsed": 4250.187954, "delta": 1419.167512}}
{"target": 0.12346974180554549, "params": {"weight": 0.18748896636486612}, "datetime": {"datetime": "2021-03-10 22:37:05", "elapsed": 5658.901252, "delta": 1408.713298}}
{"target": 0.07452263225449635, "params": {"weight": 0.7677755978529252}, "datetime": {"datetime": "2021-03-10 23:00:35", "elapsed": 7069.296646, "delta": 1410.395394}}
{"target": 0.133335025464511, "params": {"weight": 0.12929543817378963}, "datetime": {"datetime": "2021-03-10 23:24:15", "elapsed": 8489.328318, "delta": 1420.031672}}
{"target": 0.13155854567516065, "params": {"weight": 0.10953140379821102}, "datetime": {"datetime": "2021-03-10 23:48:05", "elapsed": 9918.758123, "delta": 1429.429805}}
{"target": 0.13327844224880148, "params": {"weight": 0.12942579760684536}, "datetime": {"datetime": "2021-03-11 00:11:54", "elapsed": 11347.745374, "delta": 1428.987251}}
{"target": 0.13333675886718044, "params": {"weight": 0.12931709409912873}, "datetime": {"datetime": "2021-03-11 00:35:43", "elapsed": 12776.966154, "delta": 1429.22078}}
{"target": 0.13327670884613205, "params": {"weight": 0.12940879578675735}, "datetime": {"datetime": "2021-03-11 00:59:30", "elapsed": 14204.073916, "delta": 1427.107762}}
{"target": 0.13350204087528608, "params": {"weight": 0.12846737626194782}, "datetime": {"datetime": "2021-03-11 01:23:18", "elapsed": 15631.916644, "delta": 1427.842728}}
{"target": 0.133335025464511, "params": {"weight": 0.12929277991155563}, "datetime": {"datetime": "2021-03-11 01:47:06", "elapsed": 17060.541883, "delta": 1428.625239}}
{"target": 0.13383069608498654, "params": {"weight": 0.12532745279553847}, "datetime": {"datetime": "2021-03-11 02:10:58", "elapsed": 18491.95312, "delta": 1431.411237}}
{"target": 0.1338570066612193, "params": {"weight": 0.12114349646683531}, "datetime": {"datetime": "2021-03-11 02:34:48", "elapsed": 19921.64998, "delta": 1429.69686}}
{"target": 0.1329362623711302, "params": {"weight": 0.1310137842247341}, "datetime": {"datetime": "2021-03-11 02:58:37", "elapsed": 21351.350344, "delta": 1429.700364}}
{"target": 0.1327375432318884, "params": {"weight": 0.11666577093058206}, "datetime": {"datetime": "2021-03-11 03:22:23", "elapsed": 22776.814636, "delta": 1425.464292}}
{"target": 0.13291057086727961, "params": {"weight": 0.13148583976772543}, "datetime": {"datetime": "2021-03-11 03:46:09", "elapsed": 24202.626186, "delta": 1425.81155}}
{"target": 0.13318669572179753, "params": {"weight": 0.12969967219901746}, "datetime": {"datetime": "2021-03-11 04:10:15", "elapsed": 25649.117101, "delta": 1446.490915}}
{"target": 0.13303344435364764, "params": {"weight": 0.11840627324217556}, "datetime": {"datetime": "2021-03-11 04:34:19", "elapsed": 27093.323011, "delta": 1444.20591}}
{"target": 0.13286871125638722, "params": {"weight": 0.1306252404000937}, "datetime": {"datetime": "2021-03-11 04:58:22", "elapsed": 28536.489371, "delta": 1443.16636}}
{"target": 0.1330148412285702, "params": {"weight": 0.11784420495214376}, "datetime": {"datetime": "2021-03-11 05:22:22", "elapsed": 29975.677438, "delta": 1439.188067}}
{"target": 0.1329420816515205, "params": {"weight": 0.1315463317313429}, "datetime": {"datetime": "2021-03-11 05:46:22", "elapsed": 31415.615189, "delta": 1439.937751}}
{"target": 0.1333724174363805, "params": {"weight": 0.1197735216119249}, "datetime": {"datetime": "2021-03-11 06:10:21", "elapsed": 32854.767279, "delta": 1439.15209}}
{"target": 0.1332728086901258, "params": {"weight": 0.12953114727650006}, "datetime": {"datetime": "2021-03-11 06:34:21", "elapsed": 34294.955667, "delta": 1440.188388}}
{"target": 0.133200810572106, "params": {"weight": 0.11906944513463624}, "datetime": {"datetime": "2021-03-11 06:58:22", "elapsed": 35736.394802, "delta": 1441.439135}}
{"target": 0.1329961885777023, "params": {"weight": 0.13128243531810269}, "datetime": {"datetime": "2021-03-11 07:22:10", "elapsed": 37164.470224, "delta": 1428.075422}}
{"target": 0.1332311451188212, "params": {"weight": 0.11917610199068351}, "datetime": {"datetime": "2021-03-11 07:45:37", "elapsed": 38570.879732, "delta": 1406.409508}}
{"target": 0.13327404683488966, "params": {"weight": 0.12956446910436836}, "datetime": {"datetime": "2021-03-11 08:09:59", "elapsed": 40033.458317, "delta": 1462.578585}}
{"target": 0.13336666006322828, "params": {"weight": 0.12921737589128224}, "datetime": {"datetime": "2021-03-11 08:33:59", "elapsed": 41473.521345, "delta": 1440.063028}}
{"target": 0.1330362301793664, "params": {"weight": 0.118429809279741}, "datetime": {"datetime": "2021-03-11 08:57:42", "elapsed": 42895.774297, "delta": 1422.252952}}
