{"target": 0.003986513833271684, "params": {"k": 209.09398034658443}, "datetime": {"datetime": "2021-03-12 12:32:28", "elapsed": 0.0, "delta": 0.0}}
{"target": 0.0037882686565563965, "params": {"k": 375.3973893631867}, "datetime": {"datetime": "2021-03-12 13:05:26", "elapsed": 1977.813829, "delta": 1977.813829}}
{"target": 0.04832163920204265, "params": {"k": 1.0235174630213488}, "datetime": {"datetime": "2021-03-12 13:17:42", "elapsed": 2714.068588, "delta": 736.254759}}
{"target": 0.04832163920204265, "params": {"k": 1.070790927554351}, "datetime": {"datetime": "2021-03-12 13:29:54", "elapsed": 3445.887072, "delta": 731.818484}}
{"target": 0.04832163920204265, "params": {"k": 1.0360696097897704}, "datetime": {"datetime": "2021-03-12 13:42:11", "elapsed": 4183.358827, "delta": 737.471755}}
{"target": 0.04832163920204265, "params": {"k": 1.005174321705891}, "datetime": {"datetime": "2021-03-12 13:54:31", "elapsed": 4922.505272, "delta": 739.146445}}
{"target": 0.04832163920204265, "params": {"k": 1.0231874020276797}, "datetime": {"datetime": "2021-03-12 14:06:52", "elapsed": 5663.758251, "delta": 741.252979}}
{"target": 0.04832163920204265, "params": {"k": 1.0114625480179416}, "datetime": {"datetime": "2021-03-12 14:19:11", "elapsed": 6402.898714, "delta": 739.140463}}
{"target": 0.04832163920204265, "params": {"k": 1.0365947957054031}, "datetime": {"datetime": "2021-03-12 14:31:37", "elapsed": 7149.036011, "delta": 746.137297}}
{"target": 0.04832163920204265, "params": {"k": 1.0755715609705825}, "datetime": {"datetime": "2021-03-12 14:43:55", "elapsed": 7886.964892, "delta": 737.928881}}
{"target": 0.04832163920204265, "params": {"k": 1.0074570571547685}, "datetime": {"datetime": "2021-03-12 14:56:15", "elapsed": 8627.066674, "delta": 740.101782}}
{"target": 0.04832163920204265, "params": {"k": 1.0184987381059887}, "datetime": {"datetime": "2021-03-12 15:08:32", "elapsed": 9364.481014, "delta": 737.41434}}
{"target": 0.04832163920204265, "params": {"k": 1.03502585765548}, "datetime": {"datetime": "2021-03-12 15:20:55", "elapsed": 10106.702767, "delta": 742.221753}}
{"target": 0.04832163920204265, "params": {"k": 1.0274115963784287}, "datetime": {"datetime": "2021-03-12 15:33:19", "elapsed": 10851.237689, "delta": 744.534922}}
{"target": 0.04832163920204265, "params": {"k": 1.0649060146301972}, "datetime": {"datetime": "2021-03-12 15:45:36", "elapsed": 11587.645334, "delta": 736.407645}}
{"target": 0.04832163920204265, "params": {"k": 1.0071347854826045}, "datetime": {"datetime": "2021-03-12 15:57:50", "elapsed": 12322.361652, "delta": 734.716318}}
{"target": 0.04832163920204265, "params": {"k": 1.0107475706748534}, "datetime": {"datetime": "2021-03-12 16:10:10", "elapsed": 13061.843611, "delta": 739.481959}}
{"target": 0.04832163920204265, "params": {"k": 1.0123942225406926}, "datetime": {"datetime": "2021-03-12 16:22:25", "elapsed": 13796.961949, "delta": 735.118338}}
{"target": 0.04832163920204265, "params": {"k": 1.020721613938489}, "datetime": {"datetime": "2021-03-12 16:34:43", "elapsed": 14535.443466, "delta": 738.481517}}
{"target": 0.04832163920204265, "params": {"k": 1.0833402943208688}, "datetime": {"datetime": "2021-03-12 16:46:59", "elapsed": 15270.526187, "delta": 735.082721}}
{"target": 0.04832163920204265, "params": {"k": 1.0242292959969377}, "datetime": {"datetime": "2021-03-12 16:59:16", "elapsed": 16008.102263, "delta": 737.576076}}
{"target": 0.04832163920204265, "params": {"k": 1.003768827395107}, "datetime": {"datetime": "2021-03-12 17:11:32", "elapsed": 16744.258098, "delta": 736.155835}}
{"target": 0.04832163920204265, "params": {"k": 1.0831833458855267}, "datetime": {"datetime": "2021-03-12 17:23:48", "elapsed": 17480.366443, "delta": 736.108345}}
{"target": 0.04832163920204265, "params": {"k": 1.0039028174112206}, "datetime": {"datetime": "2021-03-12 17:36:09", "elapsed": 18221.374937, "delta": 741.008494}}
{"target": 0.04832163920204265, "params": {"k": 1.0318960991092194}, "datetime": {"datetime": "2021-03-12 17:48:29", "elapsed": 18960.994584, "delta": 739.619647}}
{"target": 0.04832163920204265, "params": {"k": 1.0286738598146994}, "datetime": {"datetime": "2021-03-12 18:00:45", "elapsed": 19697.210269, "delta": 736.215685}}
{"target": 0.04832163920204265, "params": {"k": 1.006166624004094}, "datetime": {"datetime": "2021-03-12 18:13:07", "elapsed": 20439.185949, "delta": 741.97568}}
{"target": 0.04832163920204265, "params": {"k": 1.0673282649273377}, "datetime": {"datetime": "2021-03-12 18:25:21", "elapsed": 21173.24191, "delta": 734.055961}}
{"target": 0.04832163920204265, "params": {"k": 1.0395255923166045}, "datetime": {"datetime": "2021-03-12 18:37:35", "elapsed": 21907.189483, "delta": 733.947573}}
{"target": 0.04832163920204265, "params": {"k": 1.004202192354028}, "datetime": {"datetime": "2021-03-12 18:49:52", "elapsed": 22643.784402, "delta": 736.594919}}
{"target": 0.04832163920204265, "params": {"k": 1.0324008120237684}, "datetime": {"datetime": "2021-03-12 19:02:07", "elapsed": 23378.667237, "delta": 734.882835}}
{"target": 0.04832163920204265, "params": {"k": 1.0973008073791555}, "datetime": {"datetime": "2021-03-12 19:14:26", "elapsed": 24117.753818, "delta": 739.086581}}
{"target": 0.003739352320912603, "params": {"k": 499.99660338759736}, "datetime": {"datetime": "2021-03-12 19:47:15", "elapsed": 26087.434498, "delta": 1969.68068}}
{"target": 0.04832163920204265, "params": {"k": 1.0029324251086833}, "datetime": {"datetime": "2021-03-12 19:59:36", "elapsed": 26827.915184, "delta": 740.480686}}
{"target": 0.04832163920204265, "params": {"k": 1.024831281633063}, "datetime": {"datetime": "2021-03-12 20:11:58", "elapsed": 27569.786931, "delta": 741.871747}}
{"target": 0.04832163920204265, "params": {"k": 1.0060283196607809}, "datetime": {"datetime": "2021-03-12 20:24:14", "elapsed": 28305.959105, "delta": 736.172174}}
{"target": 0.04832163920204265, "params": {"k": 1.0079462589420567}, "datetime": {"datetime": "2021-03-12 20:36:26", "elapsed": 29038.395433, "delta": 732.436328}}
{"target": 0.04832163920204265, "params": {"k": 1.0083201362190164}, "datetime": {"datetime": "2021-03-12 20:48:43", "elapsed": 29775.103082, "delta": 736.707649}}
{"target": 0.04832163920204265, "params": {"k": 1.0294974422827081}, "datetime": {"datetime": "2021-03-12 21:00:58", "elapsed": 30510.36071, "delta": 735.257628}}
{"target": 0.04832163920204265, "params": {"k": 1.0025747765763555}, "datetime": {"datetime": "2021-03-12 21:13:10", "elapsed": 31241.862649, "delta": 731.501939}}
{"target": 0.04832163920204265, "params": {"k": 1.079424619409838}, "datetime": {"datetime": "2021-03-12 21:25:25", "elapsed": 31977.121354, "delta": 735.258705}}
{"target": 0.04832163920204265, "params": {"k": 1.0969318190477875}, "datetime": {"datetime": "2021-03-12 21:37:39", "elapsed": 32711.393268, "delta": 734.271914}}
{"target": 0.04832163920204265, "params": {"k": 1.0394544445868479}, "datetime": {"datetime": "2021-03-12 21:49:53", "elapsed": 33444.978526, "delta": 733.585258}}
{"target": 0.04832163920204265, "params": {"k": 1.0875526159602338}, "datetime": {"datetime": "2021-03-12 22:02:09", "elapsed": 34181.335189, "delta": 736.356663}}
{"target": 0.04832163920204265, "params": {"k": 1.136138150882637}, "datetime": {"datetime": "2021-03-12 22:14:31", "elapsed": 34923.381468, "delta": 742.046279}}
{"target": 0.04832163920204265, "params": {"k": 1.1537013056903325}, "datetime": {"datetime": "2021-03-12 22:26:47", "elapsed": 35658.662444, "delta": 735.280976}}
{"target": 0.04832163920204265, "params": {"k": 1.0160052492931273}, "datetime": {"datetime": "2021-03-12 22:39:08", "elapsed": 36400.160621, "delta": 741.498177}}
{"target": 0.04832163920204265, "params": {"k": 1.0483471322314986}, "datetime": {"datetime": "2021-03-12 22:51:23", "elapsed": 37135.16582, "delta": 735.005199}}
{"target": 0.04832163920204265, "params": {"k": 1.0668058202754012}, "datetime": {"datetime": "2021-03-12 23:03:44", "elapsed": 37875.893087, "delta": 740.727267}}
{"target": 0.04832163920204265, "params": {"k": 1.018230532363886}, "datetime": {"datetime": "2021-03-12 23:16:00", "elapsed": 38612.430096, "delta": 736.537009}}
{"target": 0.04832163920204265, "params": {"k": 1.011925667013738}, "datetime": {"datetime": "2021-03-12 23:28:13", "elapsed": 39345.437695, "delta": 733.007599}}
