{"target": 0.004357351030772172, "params": {"k": 83.98737893581223}, "datetime": {"datetime": "2021-03-15 18:25:00", "elapsed": 0.0, "delta": 0.0}}
{"target": 0.0038986989594892323, "params": {"k": 150.3087785235955}, "datetime": {"datetime": "2021-03-15 18:57:09", "elapsed": 1929.158318, "delta": 1929.158318}}
{"target": 0.04832163920204265, "params": {"k": 1.0093787076978926}, "datetime": {"datetime": "2021-03-15 19:09:18", "elapsed": 2658.793411, "delta": 729.635093}}
{"target": 0.04832163920204265, "params": {"k": 1.0282312516699716}, "datetime": {"datetime": "2021-03-15 19:21:25", "elapsed": 3385.163921, "delta": 726.37051}}
{"target": 0.04832163920204265, "params": {"k": 1.0143844736436158}, "datetime": {"datetime": "2021-03-15 19:33:53", "elapsed": 4132.907396, "delta": 747.743475}}
{"target": 0.04832163920204265, "params": {"k": 1.0021465941115488}, "datetime": {"datetime": "2021-03-15 19:46:09", "elapsed": 4869.50322, "delta": 736.595824}}
{"target": 0.04832163920204265, "params": {"k": 1.0092470801673512}, "datetime": {"datetime": "2021-03-15 19:58:22", "elapsed": 5601.951816, "delta": 732.448596}}
{"target": 0.04832163920204265, "params": {"k": 1.0045712365843094}, "datetime": {"datetime": "2021-03-15 20:10:50", "elapsed": 6350.101261, "delta": 748.149445}}
{"target": 0.04832163920204265, "params": {"k": 1.014593916523798}, "datetime": {"datetime": "2021-03-15 20:23:33", "elapsed": 7113.034958, "delta": 762.933697}}
{"target": 0.04832163920204265, "params": {"k": 1.0301377567798515}, "datetime": {"datetime": "2021-03-15 20:36:19", "elapsed": 7879.152521, "delta": 766.117563}}
{"target": 0.04832163920204265, "params": {"k": 1.0029738564605188}, "datetime": {"datetime": "2021-03-15 20:49:00", "elapsed": 8640.871171, "delta": 761.71865}}
{"target": 0.04832163920204265, "params": {"k": 1.007377252270725}, "datetime": {"datetime": "2021-03-15 21:01:42", "elapsed": 9402.515164, "delta": 761.643993}}
{"target": 0.04832163920204265, "params": {"k": 1.013968227802486}, "datetime": {"datetime": "2021-03-15 21:14:22", "elapsed": 10162.229614, "delta": 759.71445}}
{"target": 0.04832163920204265, "params": {"k": 1.0109316787160467}, "datetime": {"datetime": "2021-03-15 21:27:02", "elapsed": 10922.880349, "delta": 760.650735}}
{"target": 0.04832163920204265, "params": {"k": 1.0258843625479144}, "datetime": {"datetime": "2021-03-15 21:39:56", "elapsed": 11696.784184, "delta": 773.903835}}
{"target": 0.04832163920204265, "params": {"k": 1.0028453352926618}, "datetime": {"datetime": "2021-03-15 21:52:47", "elapsed": 12467.845104, "delta": 771.06092}}
{"target": 0.04832163920204265, "params": {"k": 1.0042861053392702}, "datetime": {"datetime": "2021-03-15 22:05:25", "elapsed": 13225.870706, "delta": 758.025602}}
{"target": 0.04832163920204265, "params": {"k": 1.0049427861434825}, "datetime": {"datetime": "2021-03-15 22:18:08", "elapsed": 13988.799345, "delta": 762.928639}}
{"target": 0.04832163920204265, "params": {"k": 1.0082637298071329}, "datetime": {"datetime": "2021-03-15 22:30:51", "elapsed": 14750.972462, "delta": 762.173117}}
{"target": 0.04832163920204265, "params": {"k": 1.033235908957621}, "datetime": {"datetime": "2021-03-15 22:43:33", "elapsed": 15513.447528, "delta": 762.475066}}
{"target": 0.04832163920204265, "params": {"k": 1.0096625849767347}, "datetime": {"datetime": "2021-03-15 22:56:16", "elapsed": 16275.975261, "delta": 762.527733}}
