{"target": 0.0004062352970309289, "params": {"k": 209.09398034658443}, "datetime": {"datetime": "2021-03-12 12:39:40", "elapsed": 0.0, "delta": 0.0}}
{"target": 0.0004062352970309289, "params": {"k": 375.3973893631867}, "datetime": {"datetime": "2021-03-12 13:17:42", "elapsed": 2281.648972, "delta": 2281.648972}}
{"target": 0.004060867196592624, "params": {"k": 1.0235174630213488}, "datetime": {"datetime": "2021-03-12 13:40:43", "elapsed": 3662.358137, "delta": 1380.709165}}
{"target": 0.004060867196592624, "params": {"k": 1.070790927554351}, "datetime": {"datetime": "2021-03-12 14:03:51", "elapsed": 5051.063847, "delta": 1388.70571}}
{"target": 0.004060867196592624, "params": {"k": 1.0360696097897704}, "datetime": {"datetime": "2021-03-12 14:26:56", "elapsed": 6435.615735, "delta": 1384.551888}}
{"target": 0.004060867196592624, "params": {"k": 1.005174321705891}, "datetime": {"datetime": "2021-03-12 14:50:00", "elapsed": 7819.339771, "delta": 1383.724036}}
{"target": 0.004060867196592624, "params": {"k": 1.0231874020276797}, "datetime": {"datetime": "2021-03-12 15:12:57", "elapsed": 9196.791622, "delta": 1377.451851}}
{"target": 0.004060867196592624, "params": {"k": 1.0114625480179416}, "datetime": {"datetime": "2021-03-12 15:36:10", "elapsed": 10589.689408, "delta": 1392.897786}}
{"target": 0.004060867196592624, "params": {"k": 1.0365947957054031}, "datetime": {"datetime": "2021-03-12 15:59:10", "elapsed": 11969.953848, "delta": 1380.26444}}
{"target": 0.004060867196592624, "params": {"k": 1.0755715609705825}, "datetime": {"datetime": "2021-03-12 16:22:21", "elapsed": 13360.385518, "delta": 1390.43167}}
{"target": 0.004060867196592624, "params": {"k": 1.0074570571547685}, "datetime": {"datetime": "2021-03-12 16:45:26", "elapsed": 14745.818094, "delta": 1385.432576}}
{"target": 0.004060867196592624, "params": {"k": 1.0487742162509393}, "datetime": {"datetime": "2021-03-12 17:08:32", "elapsed": 16132.028825, "delta": 1386.210731}}
{"target": 0.004060867196592624, "params": {"k": 1.03502585765548}, "datetime": {"datetime": "2021-03-12 17:31:46", "elapsed": 17526.08546, "delta": 1394.056635}}
{"target": 0.004060867196592624, "params": {"k": 1.0707344546911197}, "datetime": {"datetime": "2021-03-12 17:54:51", "elapsed": 18910.669058, "delta": 1384.583598}}
{"target": 0.004060867196592624, "params": {"k": 1.0649060146301972}, "datetime": {"datetime": "2021-03-12 18:18:07", "elapsed": 20307.069872, "delta": 1396.400814}}
{"target": 0.004060867196592624, "params": {"k": 1.0181726396885886}, "datetime": {"datetime": "2021-03-12 18:41:18", "elapsed": 21697.855803, "delta": 1390.785931}}
{"target": 0.004060867196592624, "params": {"k": 1.0107475706748534}, "datetime": {"datetime": "2021-03-12 19:04:23", "elapsed": 23082.524019, "delta": 1384.668216}}
{"target": 0.004060867196592624, "params": {"k": 1.1527899550373906}, "datetime": {"datetime": "2021-03-12 19:27:38", "elapsed": 24477.953435, "delta": 1395.429416}}
{"target": 0.004060867196592624, "params": {"k": 1.147312106563533}, "datetime": {"datetime": "2021-03-12 19:50:53", "elapsed": 25872.594653, "delta": 1394.641218}}
{"target": 0.004060867196592624, "params": {"k": 1.0833402943208688}, "datetime": {"datetime": "2021-03-12 20:14:06", "elapsed": 27265.191454, "delta": 1392.596801}}
{"target": 0.004060867196592624, "params": {"k": 1.0974151671033852}, "datetime": {"datetime": "2021-03-12 20:37:10", "elapsed": 28650.112249, "delta": 1384.920795}}
{"target": 0.004060867196592624, "params": {"k": 1.102319080802301}, "datetime": {"datetime": "2021-03-12 20:59:56", "elapsed": 30015.998053, "delta": 1365.885804}}
{"target": 0.004060867196592624, "params": {"k": 1.3055551903688367}, "datetime": {"datetime": "2021-03-12 21:23:02", "elapsed": 31401.149369, "delta": 1385.151316}}
{"target": 0.004060867196592624, "params": {"k": 1.201741683274161}, "datetime": {"datetime": "2021-03-12 21:45:54", "elapsed": 32773.673287, "delta": 1372.523918}}
{"target": 0.004060867196592624, "params": {"k": 1.079533595248267}, "datetime": {"datetime": "2021-03-12 22:09:14", "elapsed": 34173.979547, "delta": 1400.30626}}
{"target": 0.004060867196592624, "params": {"k": 1.0286738598146994}, "datetime": {"datetime": "2021-03-12 22:32:22", "elapsed": 35561.867077, "delta": 1387.88753}}
{"target": 0.004060867196592624, "params": {"k": 1.1241718184754759}, "datetime": {"datetime": "2021-03-12 22:55:15", "elapsed": 36934.732431, "delta": 1372.865354}}
{"target": 0.004060867196592624, "params": {"k": 1.0673282649273377}, "datetime": {"datetime": "2021-03-12 23:18:19", "elapsed": 38318.727506, "delta": 1383.995075}}
{"target": 0.004060867196592624, "params": {"k": 1.118043201524908}, "datetime": {"datetime": "2021-03-12 23:41:22", "elapsed": 39701.811065, "delta": 1383.083559}}
{"target": 0.004060867196592624, "params": {"k": 1.1375831220032822}, "datetime": {"datetime": "2021-03-13 00:04:32", "elapsed": 41091.884055, "delta": 1390.07299}}
{"target": 0.004060867196592624, "params": {"k": 1.0324008120237684}, "datetime": {"datetime": "2021-03-13 00:27:31", "elapsed": 42470.210624, "delta": 1378.326569}}
{"target": 0.004060867196592624, "params": {"k": 1.3861123975456433}, "datetime": {"datetime": "2021-03-13 00:50:32", "elapsed": 43851.441387, "delta": 1381.230763}}
{"target": 0.004060867196592624, "params": {"k": 1.595655846101629}, "datetime": {"datetime": "2021-03-13 01:13:38", "elapsed": 45237.775056, "delta": 1386.333669}}
{"target": 0.004060867196592624, "params": {"k": 1.1164362452544547}, "datetime": {"datetime": "2021-03-13 01:36:51", "elapsed": 46630.327701, "delta": 1392.552645}}
{"target": 0.004060867196592624, "params": {"k": 1.4564948564933209}, "datetime": {"datetime": "2021-03-13 02:00:38", "elapsed": 48057.878824, "delta": 1427.551123}}
{"target": 0.004060867196592624, "params": {"k": 1.2611366354647195}, "datetime": {"datetime": "2021-03-13 02:25:08", "elapsed": 49527.744087, "delta": 1469.865263}}
{"target": 0.004060867196592624, "params": {"k": 1.3247569218272268}, "datetime": {"datetime": "2021-03-13 02:49:40", "elapsed": 50999.338405, "delta": 1471.594318}}
{"target": 0.004060867196592624, "params": {"k": 1.0512797335944732}, "datetime": {"datetime": "2021-03-13 03:14:17", "elapsed": 52476.172357, "delta": 1476.833952}}
{"target": 0.004060867196592624, "params": {"k": 1.0718039514166762}, "datetime": {"datetime": "2021-03-13 03:38:55", "elapsed": 53954.868045, "delta": 1478.695688}}
{"target": 0.004060867196592624, "params": {"k": 1.2367357507764805}, "datetime": {"datetime": "2021-03-13 04:03:26", "elapsed": 55425.248533, "delta": 1470.380488}}
{"target": 0.004060867196592624, "params": {"k": 1.0536263182886563}, "datetime": {"datetime": "2021-03-13 04:27:58", "elapsed": 56897.443276, "delta": 1472.194743}}
{"target": 0.004060867196592624, "params": {"k": 1.0969318190477875}, "datetime": {"datetime": "2021-03-13 04:52:21", "elapsed": 58360.897315, "delta": 1463.454039}}
{"target": 0.004060867196592624, "params": {"k": 1.284205861997644}, "datetime": {"datetime": "2021-03-13 05:16:47", "elapsed": 59826.370961, "delta": 1465.473646}}
{"target": 0.004060867196592624, "params": {"k": 1.3447708145269774}, "datetime": {"datetime": "2021-03-13 05:41:15", "elapsed": 61294.783252, "delta": 1468.412291}}
{"target": 0.004060867196592624, "params": {"k": 1.744705792534703}, "datetime": {"datetime": "2021-03-13 06:05:40", "elapsed": 62759.676721, "delta": 1464.893469}}
{"target": 0.004060867196592624, "params": {"k": 1.1537013056903325}, "datetime": {"datetime": "2021-03-13 06:30:02", "elapsed": 64222.131884, "delta": 1462.455163}}
{"target": 0.004060867196592624, "params": {"k": 1.0181791335407917}, "datetime": {"datetime": "2021-03-13 06:54:40", "elapsed": 65699.977297, "delta": 1477.845413}}
{"target": 0.004060867196592624, "params": {"k": 1.0483471322314986}, "datetime": {"datetime": "2021-03-13 07:19:12", "elapsed": 67171.496935, "delta": 1471.519638}}
{"target": 0.004060867196592624, "params": {"k": 1.0613976286471287}, "datetime": {"datetime": "2021-03-13 07:43:33", "elapsed": 68632.449833, "delta": 1460.952898}}
{"target": 0.004060867196592624, "params": {"k": 1.2019730972684957}, "datetime": {"datetime": "2021-03-13 08:07:59", "elapsed": 70098.404682, "delta": 1465.954849}}
{"target": 0.004060867196592624, "params": {"k": 1.5037568144923956}, "datetime": {"datetime": "2021-03-13 08:32:36", "elapsed": 71575.867585, "delta": 1477.462903}}
