{"target": 0.0004062352970309289, "params": {"k": 83.98737893581223}, "datetime": {"datetime": "2021-03-15 18:35:03", "elapsed": 0.0, "delta": 0.0}}
{"target": 0.0004062352970309289, "params": {"k": 150.3087785235955}, "datetime": {"datetime": "2021-03-15 19:15:46", "elapsed": 2442.821428, "delta": 2442.821428}}
{"target": 0.004060867196592624, "params": {"k": 1.0093787076978926}, "datetime": {"datetime": "2021-03-15 19:39:22", "elapsed": 3858.875706, "delta": 1416.054278}}
{"target": 0.004060867196592624, "params": {"k": 1.0282312516699716}, "datetime": {"datetime": "2021-03-15 20:02:58", "elapsed": 5274.643779, "delta": 1415.768073}}
{"target": 0.004060867196592624, "params": {"k": 1.0143844736436158}, "datetime": {"datetime": "2021-03-15 20:24:17", "elapsed": 6553.823258, "delta": 1279.179479}}
{"target": 0.004060867196592624, "params": {"k": 1.0021465941115488}, "datetime": {"datetime": "2021-03-15 20:45:22", "elapsed": 7818.712317, "delta": 1264.889059}}
{"target": 0.004060867196592624, "params": {"k": 1.0092470801673512}, "datetime": {"datetime": "2021-03-15 21:06:33", "elapsed": 9089.788249, "delta": 1271.075932}}
{"target": 0.004060867196592624, "params": {"k": 1.0045712365843094}, "datetime": {"datetime": "2021-03-15 21:27:35", "elapsed": 10351.987071, "delta": 1262.198822}}
{"target": 0.004060867196592624, "params": {"k": 1.014593916523798}, "datetime": {"datetime": "2021-03-15 21:48:56", "elapsed": 11632.932352, "delta": 1280.945281}}
{"target": 0.004060867196592624, "params": {"k": 1.0301377567798515}, "datetime": {"datetime": "2021-03-15 22:11:35", "elapsed": 12991.31212, "delta": 1358.379768}}
{"target": 0.004060867196592624, "params": {"k": 1.0029738564605188}, "datetime": {"datetime": "2021-03-15 22:32:44", "elapsed": 14260.505284, "delta": 1269.193164}}
{"target": 0.004060867196592624, "params": {"k": 1.0346566187117723}, "datetime": {"datetime": "2021-03-15 22:53:51", "elapsed": 15527.887509, "delta": 1267.382225}}
{"target": 0.004060867196592624, "params": {"k": 1.0490506770806698}, "datetime": {"datetime": "2021-03-15 23:15:09", "elapsed": 16806.254351, "delta": 1278.366842}}
{"target": 0.004060867196592624, "params": {"k": 1.0109316787160467}, "datetime": {"datetime": "2021-03-15 23:36:24", "elapsed": 18081.163277, "delta": 1274.908926}}
{"target": 0.004060867196592624, "params": {"k": 1.052811792572045}, "datetime": {"datetime": "2021-03-15 23:57:37", "elapsed": 19353.675827, "delta": 1272.51255}}
{"target": 0.004060867196592624, "params": {"k": 1.0072472050060703}, "datetime": {"datetime": "2021-03-16 00:19:20", "elapsed": 20656.552402, "delta": 1302.876575}}
{"target": 0.004060867196592624, "params": {"k": 1.0042861053392702}, "datetime": {"datetime": "2021-03-16 00:40:23", "elapsed": 21919.802337, "delta": 1263.249935}}
{"target": 0.004060867196592624, "params": {"k": 1.0049427861434825}, "datetime": {"datetime": "2021-03-16 01:01:30", "elapsed": 23186.959963, "delta": 1267.157626}}
{"target": 0.004060867196592624, "params": {"k": 1.0358828296182638}, "datetime": {"datetime": "2021-03-16 01:22:45", "elapsed": 24461.89861, "delta": 1274.938647}}
{"target": 0.004060867196592624, "params": {"k": 1.033235908957621}, "datetime": {"datetime": "2021-03-16 01:44:03", "elapsed": 25740.080368, "delta": 1278.181758}}
{"target": 0.004060867196592624, "params": {"k": 1.0096625849767347}, "datetime": {"datetime": "2021-03-16 02:05:22", "elapsed": 27018.945111, "delta": 1278.864743}}
