{"target": 0.0003516331129435654, "params": {"k": 211.42589232777414}, "datetime": {"datetime": "2021-03-11 14:30:27", "elapsed": 0.0, "delta": 0.0}}
{"target": 0.0003516331129435654, "params": {"k": 376.39620788532545}, "datetime": {"datetime": "2021-03-11 15:02:20", "elapsed": 1913.123412, "delta": 1913.123412}}
{"target": 0.001686229353936062, "params": {"k": 5.023328946283703}, "datetime": {"datetime": "2021-03-11 15:27:41", "elapsed": 3434.28768, "delta": 1521.164268}}
{"target": 0.001686229353936062, "params": {"k": 5.070223465209226}, "datetime": {"datetime": "2021-03-11 15:52:46", "elapsed": 4938.928936, "delta": 1504.641256}}
{"target": 0.001686229353936062, "params": {"k": 5.035780474641155}, "datetime": {"datetime": "2021-03-11 16:17:50", "elapsed": 6443.050525, "delta": 1504.121589}}
{"target": 0.001686229353936062, "params": {"k": 5.005339518016164}, "datetime": {"datetime": "2021-03-11 16:43:19", "elapsed": 7971.921483, "delta": 1528.870958}}
{"target": 0.001686229353936062, "params": {"k": 5.06062639072781}, "datetime": {"datetime": "2021-03-11 17:08:46", "elapsed": 9499.049514, "delta": 1527.128031}}
{"target": 0.001686229353936062, "params": {"k": 5.011370663865494}, "datetime": {"datetime": "2021-03-11 17:34:10", "elapsed": 11023.38228, "delta": 1524.332766}}
{"target": 0.001686229353936062, "params": {"k": 5.036301450649648}, "datetime": {"datetime": "2021-03-11 17:59:41", "elapsed": 12554.658465, "delta": 1531.276185}}
{"target": 0.0003516331129435654, "params": {"k": 499.9214987303953}, "datetime": {"datetime": "2021-03-11 18:31:42", "elapsed": 14475.449401, "delta": 1920.790936}}
{"target": 0.001686229353936062, "params": {"k": 5.007397281145512}, "datetime": {"datetime": "2021-03-11 18:57:11", "elapsed": 16003.805067, "delta": 1528.355666}}
{"target": 0.001686229353936062, "params": {"k": 5.018350451628185}, "datetime": {"datetime": "2021-03-11 19:22:50", "elapsed": 17542.864934, "delta": 1539.059867}}
{"target": 0.001686229353936062, "params": {"k": 5.122010478165485}, "datetime": {"datetime": "2021-03-11 19:48:35", "elapsed": 19088.680918, "delta": 1545.815984}}
{"target": 0.001686229353936062, "params": {"k": 5.191154439718991}, "datetime": {"datetime": "2021-03-11 20:14:22", "elapsed": 20635.276447, "delta": 1546.595529}}
{"target": 0.001686229353936062, "params": {"k": 5.064385725935766}, "datetime": {"datetime": "2021-03-11 20:40:05", "elapsed": 22178.364358, "delta": 1543.087911}}
{"target": 0.001686229353936062, "params": {"k": 5.007077592813405}, "datetime": {"datetime": "2021-03-11 21:05:48", "elapsed": 23721.215793, "delta": 1542.851435}}
{"target": 0.001686229353936062, "params": {"k": 5.057034661365576}, "datetime": {"datetime": "2021-03-11 21:31:31", "elapsed": 25264.705816, "delta": 1543.490023}}
{"target": 0.001686229353936062, "params": {"k": 5.057772605148542}, "datetime": {"datetime": "2021-03-11 21:57:13", "elapsed": 26806.561297, "delta": 1541.855481}}
{"target": 0.001686229353936062, "params": {"k": 5.041249445987609}, "datetime": {"datetime": "2021-03-11 22:22:54", "elapsed": 28347.60576, "delta": 1541.044463}}
{"target": 0.001686229353936062, "params": {"k": 5.189658649196502}, "datetime": {"datetime": "2021-03-11 22:48:34", "elapsed": 29886.954132, "delta": 1539.348372}}
{"target": 0.001686229353936062, "params": {"k": 5.448854152711482}, "datetime": {"datetime": "2021-03-11 23:14:11", "elapsed": 31423.947359, "delta": 1536.993227}}
{"target": 0.001686229353936062, "params": {"k": 5.105407125893176}, "datetime": {"datetime": "2021-03-11 23:39:51", "elapsed": 32963.797536, "delta": 1539.850177}}
{"target": 0.001686229353936062, "params": {"k": 5.129665621482528}, "datetime": {"datetime": "2021-03-12 00:05:28", "elapsed": 34501.552481, "delta": 1537.754945}}
{"target": 0.001686229353936062, "params": {"k": 5.726590317422095}, "datetime": {"datetime": "2021-03-12 00:31:05", "elapsed": 36038.609195, "delta": 1537.056714}}
{"target": 0.001686229353936062, "params": {"k": 5.320540219525231}, "datetime": {"datetime": "2021-03-12 00:56:45", "elapsed": 37577.870539, "delta": 1539.261344}}
{"target": 0.001686229353936062, "params": {"k": 5.028444009235022}, "datetime": {"datetime": "2021-03-12 01:22:27", "elapsed": 39120.026731, "delta": 1542.156192}}
{"target": 0.001686229353936062, "params": {"k": 5.487586613661764}, "datetime": {"datetime": "2021-03-12 01:48:05", "elapsed": 40658.712904, "delta": 1538.686173}}
{"target": 0.001686229353936062, "params": {"k": 5.156733663846093}, "datetime": {"datetime": "2021-03-12 02:13:47", "elapsed": 42199.856407, "delta": 1541.143503}}
{"target": 0.001686229353936062, "params": {"k": 5.0392087539012405}, "datetime": {"datetime": "2021-03-12 02:39:14", "elapsed": 43726.987299, "delta": 1527.130892}}
{"target": 0.001686229353936062, "params": {"k": 5.004168507445378}, "datetime": {"datetime": "2021-03-12 03:04:56", "elapsed": 45269.333566, "delta": 1542.346267}}
{"target": 0.001686229353936062, "params": {"k": 5.045663131479453}, "datetime": {"datetime": "2021-03-12 03:30:32", "elapsed": 46805.022006, "delta": 1535.68844}}
{"target": 0.001686229353936062, "params": {"k": 5.322387197185955}, "datetime": {"datetime": "2021-03-12 03:56:11", "elapsed": 48343.983458, "delta": 1538.961452}}
{"target": 0.001686229353936062, "params": {"k": 5.90013358877855}, "datetime": {"datetime": "2021-03-12 04:21:47", "elapsed": 49879.978411, "delta": 1535.994953}}
{"target": 0.001686229353936062, "params": {"k": 5.346465872443281}, "datetime": {"datetime": "2021-03-12 04:47:21", "elapsed": 51414.663741, "delta": 1534.68533}}
{"target": 0.001686229353936062, "params": {"k": 5.2818767506002775}, "datetime": {"datetime": "2021-03-12 05:12:51", "elapsed": 52944.21734, "delta": 1529.553599}}
{"target": 0.001686229353936062, "params": {"k": 5.0059799964570875}, "datetime": {"datetime": "2021-03-12 05:38:38", "elapsed": 54490.84651, "delta": 1546.62917}}
{"target": 0.001686229353936062, "params": {"k": 5.645663848663304}, "datetime": {"datetime": "2021-03-12 06:04:13", "elapsed": 56026.017582, "delta": 1535.171072}}
{"target": 0.001686229353936062, "params": {"k": 5.426511621440132}, "datetime": {"datetime": "2021-03-12 06:29:49", "elapsed": 57562.726953, "delta": 1536.709371}}
{"target": 0.0012625362157343437, "params": {"k": 6.350931916718011}, "datetime": {"datetime": "2021-03-12 06:56:01", "elapsed": 59134.210392, "delta": 1571.483439}}
{"target": 0.001686229353936062, "params": {"k": 5.002930755418621}, "datetime": {"datetime": "2021-03-12 07:21:38", "elapsed": 60671.138152, "delta": 1536.92776}}
{"target": 0.001686229353936062, "params": {"k": 5.628495023831864}, "datetime": {"datetime": "2021-03-12 07:47:19", "elapsed": 62212.649192, "delta": 1541.51104}}
{"target": 0.001686229353936062, "params": {"k": 5.6660527516891035}, "datetime": {"datetime": "2021-03-12 08:13:03", "elapsed": 63756.388702, "delta": 1543.73951}}
{"target": 0.001686229353936062, "params": {"k": 5.546845642373081}, "datetime": {"datetime": "2021-03-12 08:38:39", "elapsed": 65292.481991, "delta": 1536.093289}}
{"target": 0.0012625362157343437, "params": {"k": 6.687892323241083}, "datetime": {"datetime": "2021-03-12 09:04:50", "elapsed": 66863.356228, "delta": 1570.874237}}
{"target": 0.0012625362157343437, "params": {"k": 6.114582001096975}, "datetime": {"datetime": "2021-03-12 09:31:03", "elapsed": 68436.546255, "delta": 1573.190027}}
{"target": 0.001686229353936062, "params": {"k": 5.41896609826159}, "datetime": {"datetime": "2021-03-12 09:56:40", "elapsed": 69973.115132, "delta": 1536.568877}}
{"target": 0.001686229353936062, "params": {"k": 5.393420221661319}, "datetime": {"datetime": "2021-03-12 10:22:22", "elapsed": 71515.21466, "delta": 1542.099528}}
{"target": 0.0008744397394943419, "params": {"k": 7.129659193950753}, "datetime": {"datetime": "2021-03-12 10:49:02", "elapsed": 73114.909465, "delta": 1599.694805}}
{"target": 0.001686229353936062, "params": {"k": 5.871416232676981}, "datetime": {"datetime": "2021-03-12 11:14:41", "elapsed": 74653.781589, "delta": 1538.872124}}
{"target": 0.001686229353936062, "params": {"k": 5.345756615378422}, "datetime": {"datetime": "2021-03-12 11:40:18", "elapsed": 76190.818909, "delta": 1537.03732}}
