{"target": 0.0030792163200977786, "params": {"k": 83.98737893581223}, "datetime": {"datetime": "2021-03-11 14:56:12", "elapsed": 0.0, "delta": 0.0}}
{"target": 0.0033357255431723516, "params": {"k": 150.3087785235955}, "datetime": {"datetime": "2021-03-11 15:57:37", "elapsed": 3684.826859, "delta": 3684.826859}}
{"target": 0.03194897869838763, "params": {"k": 1.0093787076978926}, "datetime": {"datetime": "2021-03-11 16:26:55", "elapsed": 5443.79281, "delta": 1758.965951}}
{"target": 0.03194897869838763, "params": {"k": 1.0282312516699716}, "datetime": {"datetime": "2021-03-11 16:55:36", "elapsed": 7164.747957, "delta": 1720.955147}}
{"target": 0.03194897869838763, "params": {"k": 1.0143844736436158}, "datetime": {"datetime": "2021-03-11 17:24:15", "elapsed": 8883.505079, "delta": 1718.757122}}
{"target": 0.03194897869838763, "params": {"k": 1.0020635070530508}, "datetime": {"datetime": "2021-03-11 17:53:02", "elapsed": 10610.682812, "delta": 1727.177733}}
{"target": 0.03194897869838763, "params": {"k": 1.0092470801673512}, "datetime": {"datetime": "2021-03-11 18:21:46", "elapsed": 12334.638362, "delta": 1723.95555}}
{"target": 0.03194897869838763, "params": {"k": 1.0045712365843094}, "datetime": {"datetime": "2021-03-11 18:50:29", "elapsed": 14056.977363, "delta": 1722.339001}}
{"target": 0.03194897869838763, "params": {"k": 1.014593916523798}, "datetime": {"datetime": "2021-03-11 19:19:13", "elapsed": 15781.690439, "delta": 1724.713076}}
{"target": 0.03194897869838763, "params": {"k": 1.0301377567798515}, "datetime": {"datetime": "2021-03-11 19:47:52", "elapsed": 17499.984532, "delta": 1718.294093}}
{"target": 0.03194897869838763, "params": {"k": 1.0029738564605188}, "datetime": {"datetime": "2021-03-11 20:16:32", "elapsed": 19220.643787, "delta": 1720.659255}}
{"target": 0.0033448052191719863, "params": {"k": 199.96010993446205}, "datetime": {"datetime": "2021-03-11 21:19:16", "elapsed": 22984.162843, "delta": 3763.519056}}
{"target": 0.03194897869838763, "params": {"k": 1.013968227802486}, "datetime": {"datetime": "2021-03-11 21:47:38", "elapsed": 24686.164255, "delta": 1702.001412}}
{"target": 0.03194897869838763, "params": {"k": 1.0109316787160467}, "datetime": {"datetime": "2021-03-11 22:16:07", "elapsed": 26395.669303, "delta": 1709.505048}}
{"target": 0.03194897869838763, "params": {"k": 1.0258843625479144}, "datetime": {"datetime": "2021-03-11 22:44:34", "elapsed": 28102.497657, "delta": 1706.828354}}
{"target": 0.03194897869838763, "params": {"k": 1.0028453352926618}, "datetime": {"datetime": "2021-03-11 23:13:04", "elapsed": 29812.649062, "delta": 1710.151405}}
{"target": 0.03194897869838763, "params": {"k": 1.0042861053392702}, "datetime": {"datetime": "2021-03-11 23:41:35", "elapsed": 31523.697076, "delta": 1711.048014}}
{"target": 0.03194897869838763, "params": {"k": 1.0049427861434825}, "datetime": {"datetime": "2021-03-12 00:10:03", "elapsed": 33231.034091, "delta": 1707.337015}}
{"target": 0.03194897869838763, "params": {"k": 1.0082637298071329}, "datetime": {"datetime": "2021-03-12 00:38:27", "elapsed": 34935.623737, "delta": 1704.589646}}
{"target": 0.03194897869838763, "params": {"k": 1.033235908957621}, "datetime": {"datetime": "2021-03-12 01:06:59", "elapsed": 36647.577417, "delta": 1711.95368}}
{"target": 0.03194897869838763, "params": {"k": 1.0096625849767347}, "datetime": {"datetime": "2021-03-12 01:35:28", "elapsed": 38356.557359, "delta": 1708.979942}}
{"target": 0.03194897869838763, "params": {"k": 1.0015029993018563}, "datetime": {"datetime": "2021-03-12 02:03:59", "elapsed": 40067.288958, "delta": 1710.731599}}
{"target": 0.03194897869838763, "params": {"k": 1.0331733182990377}, "datetime": {"datetime": "2021-03-12 02:32:30", "elapsed": 41778.801631, "delta": 1711.512673}}
{"target": 0.03194897869838763, "params": {"k": 1.0015564341980618}, "datetime": {"datetime": "2021-03-12 03:01:03", "elapsed": 43491.298982, "delta": 1712.497351}}
{"target": 0.03194897869838763, "params": {"k": 1.0127200876207108}, "datetime": {"datetime": "2021-03-12 03:29:36", "elapsed": 45204.750546, "delta": 1713.451564}}
{"target": 0.03194897869838763, "params": {"k": 1.0114350663389282}, "datetime": {"datetime": "2021-03-12 03:58:12", "elapsed": 46920.255055, "delta": 1715.504509}}
{"target": 0.03194897869838763, "params": {"k": 1.002459234823276}, "datetime": {"datetime": "2021-03-12 04:26:50", "elapsed": 48638.393227, "delta": 1718.138172}}
{"target": 0.03194897869838763, "params": {"k": 1.026850350141363}, "datetime": {"datetime": "2021-03-12 04:55:20", "elapsed": 50348.282327, "delta": 1709.8891}}
{"target": 0.03194897869838763, "params": {"k": 1.0157627111643373}, "datetime": {"datetime": "2021-03-12 05:23:48", "elapsed": 52056.307556, "delta": 1708.025229}}
{"target": 0.03194897869838763, "params": {"k": 1.0016758242053139}, "datetime": {"datetime": "2021-03-12 05:52:17", "elapsed": 53765.072434, "delta": 1708.764878}}
{"target": 0.03194897869838763, "params": {"k": 1.0129213659172944}, "datetime": {"datetime": "2021-03-12 06:20:47", "elapsed": 55474.863734, "delta": 1709.7913}}
{"target": 0.03194897869838763, "params": {"k": 1.0388033279928897}, "datetime": {"datetime": "2021-03-12 06:49:17", "elapsed": 57185.375822, "delta": 1710.512088}}
{"target": 0.03194897869838763, "params": {"k": 1.0162261746988919}, "datetime": {"datetime": "2021-03-12 07:17:44", "elapsed": 58892.803924, "delta": 1707.428102}}
{"target": 0.03194897869838763, "params": {"k": 1.0082337348658097}, "datetime": {"datetime": "2021-03-12 07:46:16", "elapsed": 60604.722409, "delta": 1711.918485}}
{"target": 0.03194897869838763, "params": {"k": 1.0178928583501996}, "datetime": {"datetime": "2021-03-12 08:14:43", "elapsed": 62311.09987, "delta": 1706.377461}}
{"target": 0.03194897869838763, "params": {"k": 1.0024040793837583}, "datetime": {"datetime": "2021-03-12 08:43:12", "elapsed": 64020.29348, "delta": 1709.19361}}
{"target": 0.03194897869838763, "params": {"k": 1.0153502706172661}, "datetime": {"datetime": "2021-03-12 09:11:43", "elapsed": 65731.293913, "delta": 1711.000433}}
{"target": 0.03194897869838763, "params": {"k": 1.0033180503158001}, "datetime": {"datetime": "2021-03-12 09:40:15", "elapsed": 67443.077746, "delta": 1711.783833}}
{"target": 0.03194897869838763, "params": {"k": 1.0201289966995226}, "datetime": {"datetime": "2021-03-12 10:08:50", "elapsed": 69157.849341, "delta": 1714.771595}}
{"target": 0.03194897869838763, "params": {"k": 1.0011782228854658}, "datetime": {"datetime": "2021-03-12 10:37:20", "elapsed": 70867.971, "delta": 1710.121659}}
{"target": 0.03194897869838763, "params": {"k": 1.02138604677243}, "datetime": {"datetime": "2021-03-12 11:05:44", "elapsed": 72572.215331, "delta": 1704.244331}}
{"target": 0.03194897869838763, "params": {"k": 1.0386561763336868}, "datetime": {"datetime": "2021-03-12 11:34:14", "elapsed": 74282.223235, "delta": 1710.007904}}
