{"target": 0.0062668697224079455, "params": {"lr_all": 0.041702200470257404, "n_epochs": 72.0324493442158, "n_factors": 20.02058746712208, "reg_all": 0.04534988589477596}, "datetime": {"datetime": "2021-03-13 08:39:06", "elapsed": 0.0, "delta": 0.0}}
{"target": 0.039325396825396756, "params": {"lr_all": 0.0007719855984121061, "n_epochs": 16.18609342126962, "n_factors": 147.68642615059971, "reg_all": 0.11471052884874014}, "datetime": {"datetime": "2021-03-13 08:45:52", "elapsed": 406.660605, "delta": 406.660605}}
{"target": 0.021074152489909122, "params": {"lr_all": 0.04232734339676586, "n_epochs": 99.54659218909745, "n_factors": 198.46007883744622, "reg_all": 0.03075203758890491}, "datetime": {"datetime": "2021-03-13 08:54:09", "elapsed": 903.784858, "delta": 497.124253}}
{"target": 0.0208142349503504, "params": {"lr_all": 0.01988908703980633, "n_epochs": 13.617785544181672, "n_factors": 150.49338447602196, "reg_all": 0.05100191879694003}, "datetime": {"datetime": "2021-03-13 09:00:51", "elapsed": 1305.904676, "delta": 402.119818}}
{"target": 0.002695379243741178, "params": {"lr_all": 0.0, "n_epochs": 0.0, "n_factors": 20.0, "reg_all": 0.15}, "datetime": {"datetime": "2021-03-13 09:06:55", "elapsed": 1669.238933, "delta": 363.334257}}
{"target": 0.0005195874501646733, "params": {"lr_all": 0.09999999836064485, "n_epochs": 100.0, "n_factors": 106.5637178341823, "reg_all": 0.0}, "datetime": {"datetime": "2021-03-13 09:13:58", "elapsed": 2092.491119, "delta": 423.252186}}
{"target": 0.001965988163336056, "params": {"lr_all": 0.04457657267591192, "n_epochs": 0.26851282447719615, "n_factors": 82.72277468200491, "reg_all": 0.09330905840514955}, "datetime": {"datetime": "2021-03-13 09:20:20", "elapsed": 2474.589754, "delta": 382.098635}}
{"target": 0.01636712849466361, "params": {"lr_all": 0.0600491475658233, "n_epochs": 50.344907037970785, "n_factors": 92.50423162714115, "reg_all": 0.041501566710755985}, "datetime": {"datetime": "2021-03-13 09:27:11", "elapsed": 2885.242076, "delta": 410.652322}}
{"target": 0.01426249907139144, "params": {"lr_all": 0.098036179754176, "n_epochs": 69.02623487630447, "n_factors": 157.75175466032587, "reg_all": 0.1276666989480184}, "datetime": {"datetime": "2021-03-13 09:34:43", "elapsed": 3337.366075, "delta": 452.123999}}
{"target": 0.0059394423395983465, "params": {"lr_all": 0.04899271229585052, "n_epochs": 99.76426405092201, "n_factors": 28.074537621998857, "reg_all": 0.002044522618333644}, "datetime": {"datetime": "2021-03-13 09:41:22", "elapsed": 3736.305431, "delta": 398.939356}}
{"target": 0.03167019537924368, "params": {"lr_all": 0.004511210596083337, "n_epochs": 23.108011482742285, "n_factors": 120.55598873828667, "reg_all": 0.015326197511647753}, "datetime": {"datetime": "2021-03-13 09:48:07", "elapsed": 4141.322863, "delta": 405.017432}}
{"target": 0.018211499888566976, "params": {"lr_all": 0.010688747418687906, "n_epochs": 46.723387668820536, "n_factors": 199.97096014268706, "reg_all": 0.09253575874471187}, "datetime": {"datetime": "2021-03-13 09:55:37", "elapsed": 4591.651014, "delta": 450.328151}}
{"target": 0.029403884885554114, "params": {"lr_all": 0.0040940870301022225, "n_epochs": 30.635454266951346, "n_factors": 45.837948182698575, "reg_all": 0.007128228631681055}, "datetime": {"datetime": "2021-03-13 10:02:04", "elapsed": 4978.514138, "delta": 386.863124}}
{"target": 0.011301847311987735, "params": {"lr_all": 0.08885035953803033, "n_epochs": 89.76668568619223, "n_factors": 62.16466887686242, "reg_all": 0.08661605551643912}, "datetime": {"datetime": "2021-03-13 10:09:00", "elapsed": 5394.372979, "delta": 415.858841}}
{"target": 0.014733272664239912, "params": {"lr_all": 0.043722281046073355, "n_epochs": 38.64862332365389, "n_factors": 155.01355896848335, "reg_all": 0.1103011994080956}, "datetime": {"datetime": "2021-03-13 10:16:01", "elapsed": 5815.816894, "delta": 421.443915}}
{"target": 0.012981081148007848, "params": {"lr_all": 0.09933127220433355, "n_epochs": 99.89731350394251, "n_factors": 158.41620858303037, "reg_all": 0.13708620602302138}, "datetime": {"datetime": "2021-03-13 10:24:27", "elapsed": 6321.159873, "delta": 505.342979}}
{"target": 0.021528211128445142, "params": {"lr_all": 0.0420696245343057, "n_epochs": 71.99015192410214, "n_factors": 199.46640247512244, "reg_all": 0.06196910623872698}, "datetime": {"datetime": "2021-03-13 10:32:51", "elapsed": 6825.674312, "delta": 504.514439}}
{"target": 0.002006908847782482, "params": {"lr_all": 0.0004684462528271483, "n_epochs": 0.2369270275474289, "n_factors": 48.92607366130229, "reg_all": 0.041723981296399426}, "datetime": {"datetime": "2021-03-13 10:39:20", "elapsed": 7214.91278, "delta": 389.238468}}
{"target": 0.005647735433226855, "params": {"lr_all": 0.06040837407775817, "n_epochs": 30.67741605678418, "n_factors": 20.142271934844555, "reg_all": 0.14246950005550738}, "datetime": {"datetime": "2021-03-13 10:45:52", "elapsed": 7606.637958, "delta": 391.725178}}
{"target": 0.0017833618106629027, "params": {"lr_all": 0.08145417878624983, "n_epochs": 0.3017746476750016, "n_factors": 124.52549585754188, "reg_all": 0.14461925439806542}, "datetime": {"datetime": "2021-03-13 10:52:37", "elapsed": 8010.95211, "delta": 404.314152}}
{"target": 0.009664710397939738, "params": {"lr_all": 0.005838261963677805, "n_epochs": 72.91702487636988, "n_factors": 125.16191928293173, "reg_all": 0.1441827951868862}, "datetime": {"datetime": "2021-03-13 11:00:10", "elapsed": 8464.066514, "delta": 453.114404}}
{"target": 0.008678837629695676, "params": {"lr_all": 0.0910212489393979, "n_epochs": 58.52768182014172, "n_factors": 54.22269544285707, "reg_all": 0.13122573707369908}, "datetime": {"datetime": "2021-03-13 11:07:01", "elapsed": 8875.004059, "delta": 410.937545}}
{"target": 0.02097842326391467, "params": {"lr_all": 0.0031301532711271564, "n_epochs": 25.09714056453951, "n_factors": 71.83912164370433, "reg_all": 0.0524951138506728}, "datetime": {"datetime": "2021-03-13 11:13:42", "elapsed": 9276.231228, "delta": 401.227169}}
{"target": 0.024671891637570234, "params": {"lr_all": 0.05307841805325786, "n_epochs": 1.7440000830308833, "n_factors": 199.66376748855046, "reg_all": 0.1020709758207217}, "datetime": {"datetime": "2021-03-13 11:20:49", "elapsed": 9702.919516, "delta": 426.688288}}
{"target": 0.030813987321397528, "params": {"lr_all": 0.0005690845960961921, "n_epochs": 31.93331377275558, "n_factors": 135.6576984996031, "reg_all": 0.14896893584009227}, "datetime": {"datetime": "2021-03-13 11:27:53", "elapsed": 10127.349202, "delta": 424.429686}}
{"target": 0.01787144342916574, "params": {"lr_all": 0.039584386358248874, "n_epochs": 19.04775188058393, "n_factors": 199.5659909823515, "reg_all": 0.045416039459415636}, "datetime": {"datetime": "2021-03-13 11:35:05", "elapsed": 10559.425623, "delta": 432.076421}}
{"target": 0.01177314711636086, "params": {"lr_all": 0.024718187525357094, "n_epochs": 78.59589485622442, "n_factors": 88.20821683692724, "reg_all": 0.124532393611892}, "datetime": {"datetime": "2021-03-13 11:42:20", "elapsed": 10994.628242, "delta": 435.202619}}
{"target": 0.020058688061808185, "params": {"lr_all": 0.018230767586120234, "n_epochs": 86.87348526704156, "n_factors": 181.9001719511892, "reg_all": 0.08088184569341539}, "datetime": {"datetime": "2021-03-13 11:50:36", "elapsed": 11489.938204, "delta": 495.309962}}
{"target": 0.01500154768095486, "params": {"lr_all": 0.03119874051628867, "n_epochs": 16.95936238544237, "n_factors": 136.03877287816672, "reg_all": 0.09184962010000865}, "datetime": {"datetime": "2021-03-13 11:57:25", "elapsed": 11899.14267, "delta": 409.204466}}
{"target": 0.042459946016888225, "params": {"lr_all": 0.0005492419250899494, "n_epochs": 18.110873773372973, "n_factors": 98.15259735062475, "reg_all": 0.14661000734505722}, "datetime": {"datetime": "2021-03-13 12:04:05", "elapsed": 12299.776841, "delta": 400.634171}}
{"target": 0.015716235792288834, "params": {"lr_all": 0.033418821226502284, "n_epochs": 99.82164729324535, "n_factors": 78.99137057876544, "reg_all": 0.026905765506529015}, "datetime": {"datetime": "2021-03-13 12:11:23", "elapsed": 12737.892452, "delta": 438.115611}}
{"target": 0.002033467052967832, "params": {"lr_all": 0.021546949016952466, "n_epochs": 0.19126474356540024, "n_factors": 105.01528459552216, "reg_all": 0.08970143824278416}, "datetime": {"datetime": "2021-03-13 12:17:52", "elapsed": 13125.93188, "delta": 388.039428}}
{"target": 0.011279560706237788, "params": {"lr_all": 0.022567376356753956, "n_epochs": 38.65244348469097, "n_factors": 109.4729815624319, "reg_all": 0.10921252566068596}, "datetime": {"datetime": "2021-03-13 12:24:54", "elapsed": 13548.778807, "delta": 422.846927}}
{"target": 0.011149184062600612, "params": {"lr_all": 0.07903361830820214, "n_epochs": 91.27741513689152, "n_factors": 137.21365371311822, "reg_all": 0.14889880226280025}, "datetime": {"datetime": "2021-03-13 12:32:33", "elapsed": 14007.241407, "delta": 458.4626}}
{"target": 0.006092477032414634, "params": {"lr_all": 0.031165183465937975, "n_epochs": 50.170362780754196, "n_factors": 32.37448782034543, "reg_all": 0.14805485299117746}, "datetime": {"datetime": "2021-03-13 12:38:40", "elapsed": 14374.135115, "delta": 366.893708}}
{"target": 0.009316791719287832, "params": {"lr_all": 0.03772951111415666, "n_epochs": 15.548321242935758, "n_factors": 33.78924807700309, "reg_all": 0.08869073210329272}, "datetime": {"datetime": "2021-03-13 12:44:36", "elapsed": 14729.937343, "delta": 355.802228}}
{"target": 0.01036178590000744, "params": {"lr_all": 0.041095998995005545, "n_epochs": 99.68789908108694, "n_factors": 49.286087672484804, "reg_all": 0.13704082626113018}, "datetime": {"datetime": "2021-03-13 12:51:04", "elapsed": 15117.992199, "delta": 388.054856}}
{"target": 0.011172151647970698, "params": {"lr_all": 0.08603868673803859, "n_epochs": 24.500121262031648, "n_factors": 152.2355161738828, "reg_all": 0.1473256650485177}, "datetime": {"datetime": "2021-03-13 12:57:32", "elapsed": 15506.423455, "delta": 388.431256}}
{"target": 0.016927791397370186, "params": {"lr_all": 0.010451933226351906, "n_epochs": 53.82142085649534, "n_factors": 141.35096772229434, "reg_all": 0.08636855826793341}, "datetime": {"datetime": "2021-03-13 13:04:17", "elapsed": 15911.326499, "delta": 404.903044}}
{"target": 0.01825517544511305, "params": {"lr_all": 0.022978820587524974, "n_epochs": 58.76891140402577, "n_factors": 180.15588982947156, "reg_all": 0.05163872880822806}, "datetime": {"datetime": "2021-03-13 13:11:19", "elapsed": 16333.380089, "delta": 422.05359}}
{"target": 0.009478864868880488, "params": {"lr_all": 0.026907914152127555, "n_epochs": 81.81761999882238, "n_factors": 37.91054975607205, "reg_all": 0.03172435126545197}, "datetime": {"datetime": "2021-03-13 13:17:36", "elapsed": 16709.962567, "delta": 376.582478}}
{"target": 0.011214743827848365, "params": {"lr_all": 0.00816942294317855, "n_epochs": 45.03626793047471, "n_factors": 72.48076526343297, "reg_all": 0.14217335013948193}, "datetime": {"datetime": "2021-03-13 13:23:48", "elapsed": 17082.264505, "delta": 372.301938}}
{"target": 0.01464908913816871, "params": {"lr_all": 0.08877378219777925, "n_epochs": 99.51008185220151, "n_factors": 185.08636420445586, "reg_all": 0.09988626633896167}, "datetime": {"datetime": "2021-03-13 13:31:33", "elapsed": 17547.291077, "delta": 465.026572}}
{"target": 0.005456132531015527, "params": {"lr_all": 0.005899665095112761, "n_epochs": 15.686491592735386, "n_factors": 57.28233592667859, "reg_all": 0.13574182681710875}, "datetime": {"datetime": "2021-03-13 13:37:53", "elapsed": 17927.452751, "delta": 380.161674}}
{"target": 0.009035732857885758, "params": {"lr_all": 0.021100317411048487, "n_epochs": 30.269164175555442, "n_factors": 90.83713774946452, "reg_all": 0.1383717286118754}, "datetime": {"datetime": "2021-03-13 13:44:11", "elapsed": 18305.908182, "delta": 378.455431}}
{"target": 0.011686415075650663, "params": {"lr_all": 0.07579009873397191, "n_epochs": 66.76389804525266, "n_factors": 105.51097264836284, "reg_all": 0.14663232475484356}, "datetime": {"datetime": "2021-03-13 13:51:26", "elapsed": 18740.284676, "delta": 434.376494}}
{"target": 0.01664295619443825, "params": {"lr_all": 0.016321642567139395, "n_epochs": 99.95366259289446, "n_factors": 126.89702533827018, "reg_all": 0.0623953835216622}, "datetime": {"datetime": "2021-03-13 13:59:04", "elapsed": 19198.352, "delta": 458.067324}}
{"target": 0.019335394844365195, "params": {"lr_all": 0.003333725273605226, "n_epochs": 65.06463202469835, "n_factors": 75.18599298155243, "reg_all": 0.05595833903112784}, "datetime": {"datetime": "2021-03-13 14:06:01", "elapsed": 19615.348131, "delta": 416.996131}}
{"target": 0.011775190055221273, "params": {"lr_all": 0.020530107038171055, "n_epochs": 16.671030272373, "n_factors": 109.83238617901402, "reg_all": 0.1488426668682748}, "datetime": {"datetime": "2021-03-13 14:12:49", "elapsed": 20023.255179, "delta": 407.907048}}
{"target": 0.014563244434539283, "params": {"lr_all": 0.05753016574554907, "n_epochs": 13.704282061658102, "n_factors": 87.1071828759715, "reg_all": 0.05181950676244655}, "datetime": {"datetime": "2021-03-13 14:19:23", "elapsed": 20417.417143, "delta": 394.161964}}
{"target": 0.0013483396478716288, "params": {"lr_all": 0.048564815105847384, "n_epochs": 0.03431993720348636, "n_factors": 144.31297218595915, "reg_all": 0.057879742809271335}, "datetime": {"datetime": "2021-03-13 14:26:00", "elapsed": 20814.18465, "delta": 396.767507}}
