{"target": 0.005126289943165233, "params": {"lr_all": 0.041702200470257404, "n_epochs": 72.0324493442158, "n_factors": 20.02058746712208, "reg_all": 0.030233257263183978}, "datetime": {"datetime": "2021-03-09 17:56:57", "elapsed": 0.0, "delta": 0.0}}
{"target": 0.02863051391679115, "params": {"lr_all": 0.014675589081711305, "n_epochs": 9.233859476879779, "n_factors": 53.52683804798076, "reg_all": 0.034556072704304774}, "datetime": {"datetime": "2021-03-09 18:10:52", "elapsed": 834.507581, "delta": 834.507581}}
{"target": 0.0146426793042463, "params": {"lr_all": 0.039676747423066996, "n_epochs": 53.88167340033569, "n_factors": 95.45501259259306, "reg_all": 0.06852195003967596}, "datetime": {"datetime": "2021-03-09 18:26:11", "elapsed": 1753.957652, "delta": 919.450071}}
{"target": 0.008259806266296773, "params": {"lr_all": 0.020445224973151745, "n_epochs": 87.81174363909454, "n_factors": 24.92976677562671, "reg_all": 0.06704675101784023}, "datetime": {"datetime": "2021-03-09 18:42:37", "elapsed": 2740.201745, "delta": 986.244093}}
{"target": 0.010663264430070199, "params": {"lr_all": 0.0417304802367127, "n_epochs": 55.868982844575164, "n_factors": 45.26964894714207, "reg_all": 0.019810148908487882}, "datetime": {"datetime": "2021-03-09 18:56:27", "elapsed": 3569.284364, "delta": 829.082619}}
{"target": 0.05022678511126965, "params": {"lr_all": 0.001095541745330153, "n_epochs": 1.013264365201949, "n_factors": 198.6974474004665, "reg_all": 0.08149232761509762}, "datetime": {"datetime": "2021-03-09 19:09:35", "elapsed": 4357.752186, "delta": 788.467822}}
{"target": 0.02211959707903148, "params": {"lr_all": 0.04232734339676586, "n_epochs": 99.54659218909745, "n_factors": 198.46007883744622, "reg_all": 0.020501358392603277}, "datetime": {"datetime": "2021-03-09 19:24:46", "elapsed": 5269.209226, "delta": 911.45704}}
{"target": 0.026079541691502724, "params": {"lr_all": 0.009443975174215314, "n_epochs": 4.000946864841604, "n_factors": 196.8357441302501, "reg_all": 0.033127316763054596}, "datetime": {"datetime": "2021-03-09 19:37:44", "elapsed": 6047.109796, "delta": 777.90057}}
{"target": 0.0007464928999467709, "params": {"lr_all": 0.09543996144047022, "n_epochs": 99.62337984532724, "n_factors": 125.76974730937971, "reg_all": 0.08397566807808882}, "datetime": {"datetime": "2021-03-09 19:49:10", "elapsed": 6733.091074, "delta": 685.981278}}
{"target": 0.0022249449926779546, "params": {"lr_all": 5.826713032992504e-10, "n_epochs": 0.0, "n_factors": 117.47926043828441, "reg_all": 0.1}, "datetime": {"datetime": "2021-03-09 20:01:24", "elapsed": 7466.88876, "delta": 733.797686}}
{"target": 0.002414251127742086, "params": {"lr_all": 0.03067530890866074, "n_epochs": 0.2948661645908124, "n_factors": 20.44194192981216, "reg_all": 0.06783652969613203}, "datetime": {"datetime": "2021-03-09 20:13:17", "elapsed": 8179.947791, "delta": 713.059031}}
{"target": 0.015826103273947498, "params": {"lr_all": 0.07435491154254965, "n_epochs": 99.92807628497758, "n_factors": 79.69012613811545, "reg_all": 0.03576625849523287}, "datetime": {"datetime": "2021-03-09 20:26:25", "elapsed": 8967.92462, "delta": 787.976829}}
{"target": 0.0018295913636664676, "params": {"lr_all": 0.028902246418993305, "n_epochs": 0.16382520366416964, "n_factors": 75.58343886336088, "reg_all": 0.09172358876887352}, "datetime": {"datetime": "2021-03-09 20:38:30", "elapsed": 9693.234918, "delta": 725.310298}}
{"target": 0.002858908978519548, "params": {"lr_all": 0.049759368121802997, "n_epochs": 0.6643345992267347, "n_factors": 170.4338165059233, "reg_all": 0.07842508572854295}, "datetime": {"datetime": "2021-03-09 20:50:47", "elapsed": 10429.978396, "delta": 736.743478}}
{"target": 0.026066755708619382, "params": {"lr_all": 0.005508597969427232, "n_epochs": 27.737985187211766, "n_factors": 20.00300125154193, "reg_all": 0.010466550058951574}, "datetime": {"datetime": "2021-03-09 21:02:52", "elapsed": 11154.800062, "delta": 724.821666}}
