{"target": 0.00948524131441449, "params": {"lr_all": 0.041702200470257404, "n_epochs": 72.31212485077366, "n_factors": 50.017156222601734, "reg_all": 0.030233257263183978}, "datetime": {"datetime": "2021-03-16 02:11:46", "elapsed": 0.0, "delta": 0.0}}
{"target": 0.03833584057648015, "params": {"lr_all": 0.0007719855984121061, "n_epochs": 17.024232487056924, "n_factors": 156.40535512549977, "reg_all": 0.0764736858991601}, "datetime": {"datetime": "2021-03-16 02:18:08", "elapsed": 382.390674, "delta": 382.390674}}
{"target": 0.0005195874501646733, "params": {"lr_all": 0.1, "n_epochs": 100.0, "n_factors": 200.0, "reg_all": 0.0}, "datetime": {"datetime": "2021-03-16 02:25:38", "elapsed": 831.861499, "delta": 449.470825}}
{"target": 0.01718817324121536, "params": {"lr_all": 0.03610365557249814, "n_epochs": 13.388177664481576, "n_factors": 155.80847841340722, "reg_all": 0.08470281665587376}, "datetime": {"datetime": "2021-03-16 02:31:57", "elapsed": 1210.640392, "delta": 378.778893}}
{"target": 0.0022697050739172416, "params": {"lr_all": 0.0, "n_epochs": 100.0, "n_factors": 117.81833293742552, "reg_all": 0.09999997299798388}, "datetime": {"datetime": "2021-03-16 02:39:00", "elapsed": 1633.665701, "delta": 423.025309}}
{"target": 0.0021650818413688918, "params": {"lr_all": 0.0, "n_epochs": 1.0, "n_factors": 50.0, "reg_all": 0.0}, "datetime": {"datetime": "2021-03-16 02:44:58", "elapsed": 1992.279892, "delta": 358.614191}}
{"target": 0.002293167917192878, "params": {"lr_all": 0.0, "n_epochs": 30.298325386641128, "n_factors": 200.0, "reg_all": 6.902362981121386e-08}, "datetime": {"datetime": "2021-03-16 02:51:42", "elapsed": 2396.297138, "delta": 404.017246}}
{"target": 0.013808388843490263, "params": {"lr_all": 0.05961084917269948, "n_epochs": 44.65406945125201, "n_factors": 102.89890076364253, "reg_all": 0.0937657358467151}, "datetime": {"datetime": "2021-03-16 02:58:05", "elapsed": 2779.483714, "delta": 383.186576}}
{"target": 0.01740980115395092, "params": {"lr_all": 0.03281778275196783, "n_epochs": 67.62206866448386, "n_factors": 163.56613092903353, "reg_all": 0.09125254624208515}, "datetime": {"datetime": "2021-03-16 03:05:03", "elapsed": 3197.504404, "delta": 418.02069}}
{"target": 0.009921996879875212, "params": {"lr_all": 0.04899271229585052, "n_epochs": 99.76662141041278, "n_factors": 56.72878135166572, "reg_all": 0.0013630150788890962}, "datetime": {"datetime": "2021-03-16 03:11:38", "elapsed": 3592.59688, "delta": 395.092476}}
{"target": 0.0005195874501646733, "params": {"lr_all": 0.07987074217676711, "n_epochs": 42.34337857183168, "n_factors": 140.2365760953528, "reg_all": 0.021836940052456635}, "datetime": {"datetime": "2021-03-16 03:17:51", "elapsed": 3964.798774, "delta": 372.201894}}
{"target": 0.03195205903474231, "params": {"lr_all": 0.043321658759333, "n_epochs": 1.03012115224859, "n_factors": 87.75074128470783, "reg_all": 0.06926310767689545}, "datetime": {"datetime": "2021-03-16 03:23:48", "elapsed": 4321.959357, "delta": 357.160583}}
{"target": 0.018400069336106783, "params": {"lr_all": 0.008102176760911706, "n_epochs": 29.690642220740568, "n_factors": 65.2778970269487, "reg_all": 0.020458863555609177}, "datetime": {"datetime": "2021-03-16 03:29:54", "elapsed": 4688.00394, "delta": 366.044583}}
{"target": 0.019149796944258723, "params": {"lr_all": 0.034997186584254845, "n_epochs": 62.39852534823868, "n_factors": 199.0529092196026, "reg_all": 0.0810127751827421}, "datetime": {"datetime": "2021-03-16 03:37:06", "elapsed": 5119.872989, "delta": 431.869049}}
{"target": 0.0005195874501646733, "params": {"lr_all": 0.08277522794730612, "n_epochs": 81.69662085832938, "n_factors": 81.68912428752873, "reg_all": 0.0149761680257962}, "datetime": {"datetime": "2021-03-16 03:43:26", "elapsed": 5499.781041, "delta": 379.908052}}
{"target": 0.013163490825347308, "params": {"lr_all": 0.09209401526447769, "n_epochs": 38.69901272617356, "n_factors": 175.32719761481675, "reg_all": 0.0974557300307078}, "datetime": {"datetime": "2021-03-16 03:50:08", "elapsed": 5902.346048, "delta": 402.565007}}
{"target": 0.020443751083376673, "params": {"lr_all": 0.045448790323037364, "n_epochs": 99.83181400907768, "n_factors": 162.09254522970747, "reg_all": 0.047158842211249136}, "datetime": {"datetime": "2021-03-16 03:57:33", "elapsed": 6346.999039, "delta": 444.652991}}
{"target": 0.0016056261298070967, "params": {"lr_all": 0.0, "n_epochs": 1.0, "n_factors": 200.0, "reg_all": 0.09999999867344528}, "datetime": {"datetime": "2021-03-16 04:03:44", "elapsed": 6718.546599, "delta": 371.54756}}
{"target": 0.019937071292375513, "params": {"lr_all": 0.016813014597998423, "n_epochs": 18.23126620668333, "n_factors": 107.10770401270184, "reg_all": 0.011050388376201915}, "datetime": {"datetime": "2021-03-16 04:09:53", "elapsed": 7087.2652, "delta": 368.718601}}
{"target": 0.02160030210732239, "params": {"lr_all": 0.047602328178650954, "n_epochs": 84.31442349677558, "n_factors": 183.08047044796135, "reg_all": 0.023500385447888364}, "datetime": {"datetime": "2021-03-16 04:17:16", "elapsed": 7530.567677, "delta": 443.302477}}
{"target": 0.011188340390758507, "params": {"lr_all": 0.0757126227389193, "n_epochs": 18.02757860892119, "n_factors": 82.96624842842712, "reg_all": 0.07941817474261062}, "datetime": {"datetime": "2021-03-16 04:23:24", "elapsed": 7897.97162, "delta": 367.403943}}
