{"target": 0.08117034393213567, "params": {"lr_all": 0.041702200470257404, "n_epochs": 72.0324493442158, "n_factors": 50.017156222601734, "reg_all": 0.04534988589477596}, "datetime": {"datetime": "2021-03-11 13:52:52", "elapsed": 0.0, "delta": 0.0}}
{"target": 0.09955831147114919, "params": {"lr_all": 0.0007719855984121061, "n_epochs": 16.18609342126962, "n_factors": 156.40535512549977, "reg_all": 0.11471052884874014}, "datetime": {"datetime": "2021-03-11 13:55:01", "elapsed": 128.973166, "delta": 128.973166}}
{"target": 0.0915362935863506, "params": {"lr_all": 0.04232734339676586, "n_epochs": 99.54659218909745, "n_factors": 198.7167323645385, "reg_all": 0.03075203758890491}, "datetime": {"datetime": "2021-03-11 14:00:22", "elapsed": 450.664663, "delta": 321.691497}}
{"target": 0.018925521953074908, "params": {"lr_all": 0.07985508097766557, "n_epochs": 0.6774457981823079, "n_factors": 199.38048695975297, "reg_all": 0.057677307244448604}, "datetime": {"datetime": "2021-03-11 14:01:46", "elapsed": 534.854467, "delta": 84.189804}}
{"target": 0.09294160718851238, "params": {"lr_all": 0.055968358927966526, "n_epochs": 17.30300501433898, "n_factors": 159.79176033626635, "reg_all": 0.08747049584835807}, "datetime": {"datetime": "2021-03-11 14:03:48", "elapsed": 656.918695, "delta": 122.064228}}
{"target": 0.020436885775495614, "params": {"lr_all": 0.0029474201246022626, "n_epochs": 0.6914088717145273, "n_factors": 50.80833918446721, "reg_all": 0.024268636784502657}, "datetime": {"datetime": "2021-03-11 14:05:22", "elapsed": 750.354255, "delta": 93.43556}}
{"target": 0.08398098346870368, "params": {"lr_all": 0.082953241145936, "n_epochs": 99.91932143264192, "n_factors": 120.98066953803216, "reg_all": 0.12111029845436175}, "datetime": {"datetime": "2021-03-11 14:09:55", "elapsed": 1023.739448, "delta": 273.385193}}
{"target": 0.09068518450297536, "params": {"lr_all": 0.05752175525792781, "n_epochs": 41.731229833125724, "n_factors": 101.78415082110796, "reg_all": 0.06037798167550759}, "datetime": {"datetime": "2021-03-11 14:12:35", "elapsed": 1182.959346, "delta": 159.219898}}
{"target": 0.12873191515667565, "params": {"lr_all": 0.002237228581408457, "n_epochs": 99.83144935555708, "n_factors": 52.17410926622282, "reg_all": 0.07491062004778704}, "datetime": {"datetime": "2021-03-11 14:15:54", "elapsed": 1382.905773, "delta": 199.946427}}
{"target": 0.020451078352470876, "params": {"lr_all": 0.07889122027559925, "n_epochs": 0.05171987676251266, "n_factors": 120.6527674596062, "reg_all": 0.03155186813016225}, "datetime": {"datetime": "2021-03-11 14:17:28", "elapsed": 1476.348895, "delta": 93.443122}}
{"target": 0.09650295244434456, "params": {"lr_all": 0.030150523261110562, "n_epochs": 63.51783752586668, "n_factors": 145.97966736499473, "reg_all": 0.1254635718067763}, "datetime": {"datetime": "2021-03-11 14:20:58", "elapsed": 1686.25106, "delta": 209.902165}}
{"target": 0.07042785699801772, "params": {"lr_all": 0.08667023242219832, "n_epochs": 99.87283780327209, "n_factors": 80.73799224626364, "reg_all": 0.0021681180798414188}, "datetime": {"datetime": "2021-03-11 14:24:24", "elapsed": 1892.527836, "delta": 206.276776}}
{"target": 0.08033040445144606, "params": {"lr_all": 0.08372720225630843, "n_epochs": 99.78168155451837, "n_factors": 163.9881528822516, "reg_all": 0.14553789504473774}, "datetime": {"datetime": "2021-03-11 14:29:18", "elapsed": 2186.716942, "delta": 294.189106}}
{"target": 0.09353020528831772, "params": {"lr_all": 0.03758740532732884, "n_epochs": 34.60920750433291, "n_factors": 134.47211999312657, "reg_all": 0.13211895849571062}, "datetime": {"datetime": "2021-03-11 14:31:55", "elapsed": 2343.401908, "delta": 156.684966}}
{"target": 0.11631148883464797, "params": {"lr_all": 0.007071700696398953, "n_epochs": 66.69728292962957, "n_factors": 199.9521620016141, "reg_all": 0.007475540564267541}, "datetime": {"datetime": "2021-03-11 14:36:20", "elapsed": 2608.222996, "delta": 264.821088}}
{"target": 0.14198627594337082, "params": {"lr_all": 0.0032087594329316405, "n_epochs": 34.02890990763472, "n_factors": 50.55929278495929, "reg_all": 0.000570985074335123}, "datetime": {"datetime": "2021-03-11 14:38:25", "elapsed": 2733.564887, "delta": 125.341891}}
{"target": 0.11466968948352409, "params": {"lr_all": 0.010516351751060284, "n_epochs": 31.653338620862158, "n_factors": 67.56623018959155, "reg_all": 0.13239189285991246}, "datetime": {"datetime": "2021-03-11 14:40:25", "elapsed": 2853.380432, "delta": 119.815545}}
{"target": 0.12235977161942246, "params": {"lr_all": 0.009960024084617458, "n_epochs": 76.15754356792424, "n_factors": 183.43264345850594, "reg_all": 0.133473747388704}, "datetime": {"datetime": "2021-03-11 14:44:56", "elapsed": 3124.179753, "delta": 270.799321}}
{"target": 0.09465947418666976, "params": {"lr_all": 0.03351704165821149, "n_epochs": 43.46972541607457, "n_factors": 50.14923219213638, "reg_all": 0.13930754392946051}, "datetime": {"datetime": "2021-03-11 14:47:14", "elapsed": 3262.200979, "delta": 138.021226}}
{"target": 0.09032132870648424, "params": {"lr_all": 0.04170119241557438, "n_epochs": 75.07445523395462, "n_factors": 109.5191812627366, "reg_all": 0.04812302834652241}, "datetime": {"datetime": "2021-03-11 14:50:50", "elapsed": 3478.8074, "delta": 216.606421}}
{"target": 0.017503060495800343, "params": {"lr_all": 0.022479897510734193, "n_epochs": 0.21432344559835226, "n_factors": 165.41191195203632, "reg_all": 0.05871200863070251}, "datetime": {"datetime": "2021-03-11 14:52:20", "elapsed": 3568.788251, "delta": 89.980851}}
{"target": 0.08199504810519938, "params": {"lr_all": 0.08442196242104416, "n_epochs": 34.80534677834175, "n_factors": 199.6038683812286, "reg_all": 0.10757963123708375}, "datetime": {"datetime": "2021-03-11 14:55:27", "elapsed": 3755.562732, "delta": 186.774481}}
{"target": 0.10642094144251336, "params": {"lr_all": 0.027131510873385667, "n_epochs": 19.723691617084437, "n_factors": 50.51573394557518, "reg_all": 0.1265923524488592}, "datetime": {"datetime": "2021-03-11 14:57:19", "elapsed": 3867.584984, "delta": 112.022252}}
{"target": 0.10903420602594405, "params": {"lr_all": 0.032492595983685035, "n_epochs": 50.572155700964124, "n_factors": 172.90755090139106, "reg_all": 0.007737451378145637}, "datetime": {"datetime": "2021-03-11 15:00:39", "elapsed": 4067.824482, "delta": 200.239498}}
{"target": 0.0938034038674752, "params": {"lr_all": 0.04788449855309602, "n_epochs": 65.75553968628321, "n_factors": 80.60592159281377, "reg_all": 0.0}, "datetime": {"datetime": "2021-03-11 15:03:24", "elapsed": 4232.308277, "delta": 164.483795}}
{"target": 0.09415401483311821, "params": {"lr_all": 0.04812174869812583, "n_epochs": 87.38884124144772, "n_factors": 141.9711564236796, "reg_all": 0.060468616980959324}, "datetime": {"datetime": "2021-03-11 15:07:32", "elapsed": 4480.423119, "delta": 248.114842}}
{"target": 0.08105937629488474, "params": {"lr_all": 0.01807253220264955, "n_epochs": 88.75505904680502, "n_factors": 59.94455607368073, "reg_all": 0.03806102637146975}, "datetime": {"datetime": "2021-03-11 15:10:26", "elapsed": 4654.885019, "delta": 174.4619}}
{"target": 0.07042785699801772, "params": {"lr_all": 0.09435424287545596, "n_epochs": 73.91031288997463, "n_factors": 164.54317230957867, "reg_all": 0.022319391354737532}, "datetime": {"datetime": "2021-03-11 15:14:21", "elapsed": 4889.709585, "delta": 234.824566}}
{"target": 0.0871494432362585, "params": {"lr_all": 0.07106757992763822, "n_epochs": 82.51054041245214, "n_factors": 199.81190565431064, "reg_all": 0.11164284776757995}, "datetime": {"datetime": "2021-03-11 15:19:08", "elapsed": 5176.623519, "delta": 286.913934}}
{"target": 0.10316457181186807, "params": {"lr_all": 0.02438534941946964, "n_epochs": 56.26344058559503, "n_factors": 189.35575143183686, "reg_all": 0.08868264431511566}, "datetime": {"datetime": "2021-03-11 15:22:45", "elapsed": 5393.549067, "delta": 216.925548}}
{"target": 0.018464629232898693, "params": {"lr_all": 0.0763085480553718, "n_epochs": 0.7339487423019375, "n_factors": 84.00642492467374, "reg_all": 0.053113246357247366}, "datetime": {"datetime": "2021-03-11 15:24:08", "elapsed": 5476.041427, "delta": 82.49236}}
{"target": 0.10723483023694323, "params": {"lr_all": 0.02738133973071808, "n_epochs": 39.07703745869371, "n_factors": 155.0214596275551, "reg_all": 0.04845717258635153}, "datetime": {"datetime": "2021-03-11 15:26:49", "elapsed": 5637.709217, "delta": 161.66779}}
{"target": 0.09494293503016543, "params": {"lr_all": 0.049486770166934146, "n_epochs": 99.96615178416104, "n_factors": 183.08237987777528, "reg_all": 0.06533797374708915}, "datetime": {"datetime": "2021-03-11 15:32:01", "elapsed": 5949.83955, "delta": 312.130333}}
{"target": 0.12157443028477924, "params": {"lr_all": 0.0023080860296618155, "n_epochs": 57.86236519064582, "n_factors": 123.6321132299393, "reg_all": 0.0059818568440496095}, "datetime": {"datetime": "2021-03-11 15:35:02", "elapsed": 6130.464905, "delta": 180.625355}}
{"target": 0.07521948509362121, "params": {"lr_all": 0.06833628561919068, "n_epochs": 30.390200362206265, "n_factors": 55.146894155649875, "reg_all": 0.04002496064126382}, "datetime": {"datetime": "2021-03-11 15:36:56", "elapsed": 6244.60114, "delta": 114.136235}}
{"target": 0.13433678447266553, "params": {"lr_all": 0.007319899894104998, "n_epochs": 21.77605879980059, "n_factors": 89.12526073249637, "reg_all": 0.03333745735584587}, "datetime": {"datetime": "2021-03-11 15:38:47", "elapsed": 6355.091334, "delta": 110.490194}}
{"target": 0.0981586785732122, "params": {"lr_all": 0.0236977201049149, "n_epochs": 41.78293503271928, "n_factors": 81.51166374772797, "reg_all": 0.03797983120489982}, "datetime": {"datetime": "2021-03-11 15:41:02", "elapsed": 6490.106412, "delta": 135.015078}}
{"target": 0.09262929912546988, "params": {"lr_all": 0.03713482241918026, "n_epochs": 83.26440586744313, "n_factors": 89.13668237499982, "reg_all": 0.11013511799761709}, "datetime": {"datetime": "2021-03-11 15:44:18", "elapsed": 6686.341102, "delta": 196.23469}}
{"target": 0.1328491191013868, "params": {"lr_all": 0.005469703542080962, "n_epochs": 20.454431929858007, "n_factors": 114.12514256228498, "reg_all": 0.04287252297556501}, "datetime": {"datetime": "2021-03-11 15:46:14", "elapsed": 6802.116501, "delta": 115.775399}}
{"target": 0.019005067555511897, "params": {"lr_all": 0.0, "n_epochs": 100.0, "n_factors": 140.7042984442827, "reg_all": 0.0}, "datetime": {"datetime": "2021-03-11 15:50:44", "elapsed": 7072.368789, "delta": 270.252288}}
{"target": 0.09666279486659535, "params": {"lr_all": 0.04870289633755899, "n_epochs": 75.84179104117032, "n_factors": 129.17279092548796, "reg_all": 0.008051325855559288}, "datetime": {"datetime": "2021-03-11 15:54:20", "elapsed": 7287.976461, "delta": 215.607672}}
{"target": 0.07042785699801772, "params": {"lr_all": 0.08188299040035349, "n_epochs": 99.7223232531354, "n_factors": 100.00265208005706, "reg_all": 0.00037687010142126165}, "datetime": {"datetime": "2021-03-11 15:58:07", "elapsed": 7515.025186, "delta": 227.048725}}
{"target": 0.0894155316278517, "params": {"lr_all": 0.056108817364669474, "n_epochs": 29.90767481505241, "n_factors": 182.07117930486848, "reg_all": 0.11257699168128879}, "datetime": {"datetime": "2021-03-11 16:00:39", "elapsed": 7667.112387, "delta": 152.087201}}
{"target": 0.11003227479641804, "params": {"lr_all": 0.028307987914992686, "n_epochs": 15.244535804763991, "n_factors": 132.91870448108, "reg_all": 0.003922291586680731}, "datetime": {"datetime": "2021-03-11 16:02:30", "elapsed": 7778.92998, "delta": 111.817593}}
{"target": 0.09809723434455617, "params": {"lr_all": 0.03814426832688176, "n_epochs": 22.356905724663456, "n_factors": 77.41938498184662, "reg_all": 0.0037905592362149684}, "datetime": {"datetime": "2021-03-11 16:04:21", "elapsed": 7889.688855, "delta": 110.758875}}
{"target": 0.10349832958433017, "params": {"lr_all": 0.03341454135959108, "n_epochs": 11.675295798393803, "n_factors": 101.59436388714326, "reg_all": 0.10333672688015753}, "datetime": {"datetime": "2021-03-11 16:06:02", "elapsed": 7990.529537, "delta": 100.840682}}
{"target": 0.10627341867036769, "params": {"lr_all": 0.01851600724389879, "n_epochs": 89.90064261780721, "n_factors": 50.0098260551465, "reg_all": 0.14646989431617635}, "datetime": {"datetime": "2021-03-11 16:08:52", "elapsed": 8160.137687, "delta": 169.60815}}
{"target": 0.11622098117858078, "params": {"lr_all": 0.02633640391518921, "n_epochs": 17.70001669735729, "n_factors": 199.776355380146, "reg_all": 0.06994364833758586}, "datetime": {"datetime": "2021-03-11 16:10:58", "elapsed": 8286.205131, "delta": 126.067444}}
{"target": 0.13256492049728003, "params": {"lr_all": 0.008424900462058594, "n_epochs": 26.17461548880129, "n_factors": 101.66306890763207, "reg_all": 0.05053224967777801}, "datetime": {"datetime": "2021-03-11 16:13:01", "elapsed": 8409.852537, "delta": 123.647406}}
{"target": 0.11009253880301482, "params": {"lr_all": 0.0018097549932421743, "n_epochs": 37.06338588371085, "n_factors": 116.810076567284, "reg_all": 0.05779833398778056}, "datetime": {"datetime": "2021-03-11 16:15:25", "elapsed": 8553.364912, "delta": 143.512375}}
{"target": 0.09923439797864479, "params": {"lr_all": 0.020212007981651847, "n_epochs": 13.568955986851371, "n_factors": 186.94962906363128, "reg_all": 0.13968440749045094}, "datetime": {"datetime": "2021-03-11 16:17:27", "elapsed": 8675.265291, "delta": 121.900379}}
