{"target": 0.073511326195954, "params": {"lr_all": 0.041702200470257404, "n_epochs": 72.31212485077366, "n_factors": 50.017156222601734, "reg_all": 0.030233257263183978}, "datetime": {"datetime": "2021-03-15 19:10:34", "elapsed": 0.0, "delta": 0.0}}
{"target": 0.09828289576429883, "params": {"lr_all": 0.0007719855984121061, "n_epochs": 17.024232487056924, "n_factors": 156.40535512549977, "reg_all": 0.0764736858991601}, "datetime": {"datetime": "2021-03-15 19:12:27", "elapsed": 113.14094, "delta": 113.14094}}
{"target": 0.09135479521756507, "params": {"lr_all": 0.04232734339676586, "n_epochs": 99.55112626720647, "n_factors": 198.7167323645385, "reg_all": 0.020501358392603277}, "datetime": {"datetime": "2021-03-15 19:17:43", "elapsed": 428.306063, "delta": 315.165123}}
{"target": 0.09340724152559554, "params": {"lr_all": 0.05190245772350947, "n_epochs": 16.06692908284884, "n_factors": 152.43148530804945, "reg_all": 0.09109474851102632}, "datetime": {"datetime": "2021-03-15 19:19:33", "elapsed": 538.490159, "delta": 110.184096}}
{"target": 0.15362919089409377, "params": {"lr_all": 0.0003166311565144242, "n_epochs": 2.7575651366065954, "n_factors": 199.71439578856612, "reg_all": 0.06257949230601827}, "datetime": {"datetime": "2021-03-15 19:20:57", "elapsed": 622.862779, "delta": 84.37262}}
{"target": 0.10206075078166091, "params": {"lr_all": 0.0029474201246022626, "n_epochs": 1.684494782997382, "n_factors": 50.80833918446721, "reg_all": 0.016179091189668437}, "datetime": {"datetime": "2021-03-15 19:22:16", "elapsed": 701.30187, "delta": 78.439091}}
{"target": 0.07042785699801772, "params": {"lr_all": 0.06834761466431674, "n_epochs": 24.209965725128182, "n_factors": 199.8932929056206, "reg_all": 0.015219242270904643}, "datetime": {"datetime": "2021-03-15 19:24:29", "elapsed": 834.667116, "delta": 133.365246}}
{"target": 0.085743045820953, "params": {"lr_all": 0.09544034699927306, "n_epochs": 99.9972231208678, "n_factors": 123.28222078108591, "reg_all": 0.08317563957053353}, "datetime": {"datetime": "2021-03-15 19:28:31", "elapsed": 1076.347904, "delta": 241.680788}}
{"target": 0.07042785699801772, "params": {"lr_all": 0.0859271435538847, "n_epochs": 99.1748795042289, "n_factors": 50.15967457181515, "reg_all": 0.023283672267636238}, "datetime": {"datetime": "2021-03-15 19:31:19", "elapsed": 1244.963467, "delta": 168.615563}}
{"target": 0.10975758817637443, "params": {"lr_all": 0.00953132883136173, "n_epochs": 2.52994998357574, "n_factors": 196.61356085798792, "reg_all": 0.015438598640793178}, "datetime": {"datetime": "2021-03-15 19:32:43", "elapsed": 1329.115711, "delta": 84.152244}}
{"target": 0.01877859768838111, "params": {"lr_all": 0.0, "n_epochs": 50.6043538261201, "n_factors": 105.86827802744885, "reg_all": 0.1}, "datetime": {"datetime": "2021-03-15 19:35:16", "elapsed": 1482.04791, "delta": 152.932199}}
{"target": 0.018582208002881656, "params": {"lr_all": 0.0, "n_epochs": 69.7333559630425, "n_factors": 158.04864497154267, "reg_all": 0.1}, "datetime": {"datetime": "2021-03-15 19:38:54", "elapsed": 1700.016578, "delta": 217.968668}}
{"target": 0.08709026484203926, "params": {"lr_all": 0.08307368318643099, "n_epochs": 1.2518147134138122, "n_factors": 91.08144892464551, "reg_all": 0.02738338017734561}, "datetime": {"datetime": "2021-03-15 19:40:15", "elapsed": 1780.356222, "delta": 80.339644}}
{"target": 0.01886880674669298, "params": {"lr_all": 0.0, "n_epochs": 100.0, "n_factors": 84.53906189813681, "reg_all": 0.1}, "datetime": {"datetime": "2021-03-15 19:43:41", "elapsed": 1986.375345, "delta": 206.019123}}
{"target": 0.01991178666623005, "params": {"lr_all": 0.0, "n_epochs": 32.09560379230416, "n_factors": 50.0, "reg_all": 0.1}, "datetime": {"datetime": "2021-03-15 19:45:27", "elapsed": 2093.129936, "delta": 106.754591}}
{"target": 0.019486376700432906, "params": {"lr_all": 0.0, "n_epochs": 100.0, "n_factors": 163.98688030987236, "reg_all": 0.1}, "datetime": {"datetime": "2021-03-15 19:50:09", "elapsed": 2374.919322, "delta": 281.789386}}
{"target": 0.019552285988848714, "params": {"lr_all": 0.0, "n_epochs": 38.791355517118454, "n_factors": 142.56660694646905, "reg_all": 0.05319767701976749}, "datetime": {"datetime": "2021-03-15 19:52:38", "elapsed": 2524.114508, "delta": 149.195186}}
{"target": 0.01821642050456617, "params": {"lr_all": 3.0689362008094346e-10, "n_epochs": 69.79367786330626, "n_factors": 200.0, "reg_all": 0.1}, "datetime": {"datetime": "2021-03-15 19:56:44", "elapsed": 2769.550672, "delta": 245.436164}}
{"target": 0.09956909693753077, "params": {"lr_all": 0.037522315340704764, "n_epochs": 20.4588973422205, "n_factors": 75.79597433800147, "reg_all": 0.051890157901606684}, "datetime": {"datetime": "2021-03-15 19:58:26", "elapsed": 2871.473347, "delta": 101.922675}}
{"target": 0.07663698321597127, "params": {"lr_all": 0.09689148168910942, "n_epochs": 1.0, "n_factors": 69.19084898565866, "reg_all": 0.1}, "datetime": {"datetime": "2021-03-15 19:59:45", "elapsed": 2951.104612, "delta": 79.631265}}
{"target": 0.08032150930452395, "params": {"lr_all": 0.06012081678789717, "n_epochs": 59.23827741026826, "n_factors": 75.16344396190496, "reg_all": 0.05014595276013966}, "datetime": {"datetime": "2021-03-15 20:02:15", "elapsed": 3100.757109, "delta": 149.652497}}
