{"target": 0.06957776571841602, "params": {"lr_all": 0.041702200470257404, "n_epochs": 72.0324493442158, "n_factors": 20.02058746712208, "reg_all": 0.030233257263183978}, "datetime": {"datetime": "2021-03-09 17:40:22", "elapsed": 0.0, "delta": 0.0}}
{"target": 0.13619978073793731, "params": {"lr_all": 0.014675589081711305, "n_epochs": 9.233859476879779, "n_factors": 53.52683804798076, "reg_all": 0.034556072704304774}, "datetime": {"datetime": "2021-03-09 17:43:28", "elapsed": 185.978974, "delta": 185.978974}}
{"target": 0.09798374122101604, "params": {"lr_all": 0.039676747423066996, "n_epochs": 53.88167340033569, "n_factors": 95.45501259259306, "reg_all": 0.06852195003967596}, "datetime": {"datetime": "2021-03-09 17:48:05", "elapsed": 462.928677, "delta": 276.949703}}
{"target": 0.08945767064573037, "params": {"lr_all": 0.020445224973151745, "n_epochs": 87.81174363909454, "n_factors": 24.92976677562671, "reg_all": 0.06704675101784023}, "datetime": {"datetime": "2021-03-09 17:52:24", "elapsed": 722.00203, "delta": 259.073353}}
{"target": 0.07340978039368219, "params": {"lr_all": 0.0417304802367127, "n_epochs": 55.868982844575164, "n_factors": 45.26964894714207, "reg_all": 0.019810148908487882}, "datetime": {"datetime": "2021-03-09 17:56:39", "elapsed": 976.765692, "delta": 254.763662}}
{"target": 0.019399930288706804, "params": {"lr_all": 0.0, "n_epochs": 0.0, "n_factors": 200.0, "reg_all": 0.0999999989820423}, "datetime": {"datetime": "2021-03-09 17:59:44", "elapsed": 1162.296798, "delta": 185.531106}}
{"target": 0.09553060322624085, "params": {"lr_all": 0.04232734339676586, "n_epochs": 99.54659218909745, "n_factors": 198.46007883744622, "reg_all": 0.020501358392603277}, "datetime": {"datetime": "2021-03-09 18:08:03", "elapsed": 1661.351342, "delta": 499.054544}}
{"target": 0.0797625111410014, "params": {"lr_all": 0.09017193229807915, "n_epochs": 6.195918843610448, "n_factors": 54.66847799489428, "reg_all": 0.08018234185767725}, "datetime": {"datetime": "2021-03-09 18:11:17", "elapsed": 1855.354823, "delta": 194.003481}}
{"target": 0.01725531619455686, "params": {"lr_all": 0.0, "n_epochs": 100.0, "n_factors": 128.92696142888943, "reg_all": 0.0}, "datetime": {"datetime": "2021-03-09 18:18:31", "elapsed": 2288.7125, "delta": 433.357677}}
{"target": 0.01941052552365334, "params": {"lr_all": 0.0, "n_epochs": 0.0, "n_factors": 20.0, "reg_all": 0.0}, "datetime": {"datetime": "2021-03-09 18:21:50", "elapsed": 2487.476726, "delta": 198.764226}}
{"target": 0.01945136624478844, "params": {"lr_all": 0.0, "n_epochs": 46.19714856385672, "n_factors": 164.34205415623725, "reg_all": 0.0}, "datetime": {"datetime": "2021-03-09 18:27:15", "elapsed": 2813.096778, "delta": 325.620052}}
{"target": 0.01962813716562827, "params": {"lr_all": 0.0, "n_epochs": 0.0, "n_factors": 138.6911574054672, "reg_all": 0.0}, "datetime": {"datetime": "2021-03-09 18:30:35", "elapsed": 3012.74567, "delta": 199.648892}}
{"target": 0.017593838936475606, "params": {"lr_all": 0.0, "n_epochs": 100.0, "n_factors": 77.37423953720656, "reg_all": 0.0}, "datetime": {"datetime": "2021-03-09 18:37:39", "elapsed": 3437.240389, "delta": 424.494719}}
{"target": 0.019745031102446013, "params": {"lr_all": 0.0, "n_epochs": 53.77226485200728, "n_factors": 200.0, "reg_all": 0.0}, "datetime": {"datetime": "2021-03-09 18:44:30", "elapsed": 3848.077734, "delta": 410.837345}}
{"target": 0.02066562005267074, "params": {"lr_all": 1.2347062034511008e-14, "n_epochs": 29.10867778593358, "n_factors": 20.0, "reg_all": 0.1}, "datetime": {"datetime": "2021-03-09 18:48:06", "elapsed": 4063.802324, "delta": 215.72459}}
