{"target": 0.3007369109554199, "params": {"weight": 0.417022004702574}, "datetime": {"datetime": "2021-03-10 20:45:14", "elapsed": 0.0, "delta": 0.0}}
{"target": 0.270897648024086, "params": {"weight": 1.0}, "datetime": {"datetime": "2021-03-10 20:53:38", "elapsed": 504.284538, "delta": 504.284538}}
{"target": 0.11314639140394822, "params": {"weight": 0.0}, "datetime": {"datetime": "2021-03-10 21:01:59", "elapsed": 1004.665314, "delta": 500.380776}}
{"target": 0.27550744646176645, "params": {"weight": 0.7025066869681882}, "datetime": {"datetime": "2021-03-10 21:10:25", "elapsed": 1511.488591, "delta": 506.823277}}
{"target": 0.28982464052077306, "params": {"weight": 0.5178310238401118}, "datetime": {"datetime": "2021-03-10 21:18:45", "elapsed": 2011.177731, "delta": 499.68914}}
{"target": 0.31690387007774407, "params": {"weight": 0.30520547314364743}, "datetime": {"datetime": "2021-03-10 21:27:10", "elapsed": 2516.508256, "delta": 505.330525}}
{"target": 0.3236318075127401, "params": {"weight": 0.23767764556129214}, "datetime": {"datetime": "2021-03-10 21:35:38", "elapsed": 3024.104176, "delta": 507.59592}}
{"target": 0.3248472696175671, "params": {"weight": 0.2135527485660892}, "datetime": {"datetime": "2021-03-10 21:44:00", "elapsed": 3525.704056, "delta": 501.59988}}
{"target": 0.27371335399051305, "params": {"weight": 0.8744722720535071}, "datetime": {"datetime": "2021-03-10 21:52:22", "elapsed": 4027.934814, "delta": 502.230758}}
{"target": 0.3241024830151076, "params": {"weight": 0.2055114792273134}, "datetime": {"datetime": "2021-03-10 22:00:50", "elapsed": 4536.147645, "delta": 508.212831}}
{"target": 0.3244894916670554, "params": {"weight": 0.23261768723387277}, "datetime": {"datetime": "2021-03-10 22:09:15", "elapsed": 5040.780347, "delta": 504.632702}}
{"target": 0.32477007487485937, "params": {"weight": 0.22914302254139585}, "datetime": {"datetime": "2021-03-10 22:17:37", "elapsed": 5543.505118, "delta": 502.724771}}
{"target": 0.32494725810696495, "params": {"weight": 0.22751486800466947}, "datetime": {"datetime": "2021-03-10 22:26:00", "elapsed": 6046.314104, "delta": 502.808986}}
{"target": 0.3245657665561002, "params": {"weight": 0.21516417728147175}, "datetime": {"datetime": "2021-03-10 22:34:22", "elapsed": 6548.297635, "delta": 501.983531}}
{"target": 0.32465929197863924, "params": {"weight": 0.23157203032605844}, "datetime": {"datetime": "2021-03-10 22:42:46", "elapsed": 7051.842519, "delta": 503.544884}}
{"target": 0.32464201841755835, "params": {"weight": 0.22947638767179046}, "datetime": {"datetime": "2021-03-10 22:51:07", "elapsed": 7552.902619, "delta": 501.0601}}
{"target": 0.3248622460573156, "params": {"weight": 0.2134536077291529}, "datetime": {"datetime": "2021-03-10 22:59:29", "elapsed": 8055.203989, "delta": 502.30137}}
{"target": 0.32489968034945577, "params": {"weight": 0.22814773255662335}, "datetime": {"datetime": "2021-03-10 23:07:51", "elapsed": 8557.200697, "delta": 501.996708}}
{"target": 0.32467144171576595, "params": {"weight": 0.21405610387311924}, "datetime": {"datetime": "2021-03-10 23:16:16", "elapsed": 9061.952211, "delta": 504.751514}}
{"target": 0.32461949568374715, "params": {"weight": 0.2296817330077323}, "datetime": {"datetime": "2021-03-10 23:24:47", "elapsed": 9573.276554, "delta": 511.324343}}
{"target": 0.32462946333110637, "params": {"weight": 0.21443506285482206}, "datetime": {"datetime": "2021-03-10 23:33:18", "elapsed": 10084.257183, "delta": 510.980629}}
{"target": 0.324686400499259, "params": {"weight": 0.22927084045376211}, "datetime": {"datetime": "2021-03-10 23:41:47", "elapsed": 10593.322713, "delta": 509.06553}}
{"target": 0.3248539127835453, "params": {"weight": 0.22680985247376706}, "datetime": {"datetime": "2021-03-10 23:50:18", "elapsed": 11103.816356, "delta": 510.493643}}
{"target": 0.32461834946306684, "params": {"weight": 0.214314646639865}, "datetime": {"datetime": "2021-03-10 23:58:48", "elapsed": 11613.79414, "delta": 509.977784}}
{"target": 0.32465499353142835, "params": {"weight": 0.22975637856012243}, "datetime": {"datetime": "2021-03-11 00:07:17", "elapsed": 12123.444243, "delta": 509.650103}}
{"target": 0.3247285156135324, "params": {"weight": 0.22888866385203988}, "datetime": {"datetime": "2021-03-11 00:15:46", "elapsed": 12632.283607, "delta": 508.839364}}
{"target": 0.32461386371064377, "params": {"weight": 0.21464284651081122}, "datetime": {"datetime": "2021-03-11 00:24:16", "elapsed": 13141.910377, "delta": 509.62677}}
{"target": 0.32483635268058936, "params": {"weight": 0.2277033245324317}, "datetime": {"datetime": "2021-03-11 00:32:45", "elapsed": 13650.646602, "delta": 508.736225}}
{"target": 0.32484802335884233, "params": {"weight": 0.22787347708596628}, "datetime": {"datetime": "2021-03-11 00:41:13", "elapsed": 14159.627423, "delta": 508.980821}}
{"target": 0.3246140222978506, "params": {"weight": 0.21480520476239262}, "datetime": {"datetime": "2021-03-11 00:49:43", "elapsed": 14668.90249, "delta": 509.275067}}
{"target": 0.32484266601495915, "params": {"weight": 0.22846387047225203}, "datetime": {"datetime": "2021-03-11 00:58:12", "elapsed": 15177.9784, "delta": 509.07591}}
{"target": 0.32486647754902903, "params": {"weight": 0.22823292689865637}, "datetime": {"datetime": "2021-03-11 01:06:44", "elapsed": 15689.998854, "delta": 512.020454}}
{"target": 0.3242500294519096, "params": {"weight": 0.21663465639879498}, "datetime": {"datetime": "2021-03-11 01:15:12", "elapsed": 16198.50128, "delta": 508.502426}}
{"target": 0.32466062226046133, "params": {"weight": 0.22982402784750755}, "datetime": {"datetime": "2021-03-11 01:23:41", "elapsed": 16706.797904, "delta": 508.296624}}
{"target": 0.32469503919433335, "params": {"weight": 0.2285744318065155}, "datetime": {"datetime": "2021-03-11 01:32:09", "elapsed": 17215.405141, "delta": 508.607237}}
{"target": 0.3242517538085819, "params": {"weight": 0.21603328230260743}, "datetime": {"datetime": "2021-03-11 01:40:39", "elapsed": 17724.847245, "delta": 509.442104}}
{"target": 0.32477154619399606, "params": {"weight": 0.22924185373202488}, "datetime": {"datetime": "2021-03-11 01:49:08", "elapsed": 18234.134772, "delta": 509.287527}}
{"target": 0.3246135989199983, "params": {"weight": 0.22970950011880753}, "datetime": {"datetime": "2021-03-11 01:57:37", "elapsed": 18743.620169, "delta": 509.485397}}
{"target": 0.3248063763480548, "params": {"weight": 0.229058559853195}, "datetime": {"datetime": "2021-03-11 02:06:07", "elapsed": 19252.711073, "delta": 509.090904}}
{"target": 0.324221656222247, "params": {"weight": 0.22104084492272758}, "datetime": {"datetime": "2021-03-11 02:14:35", "elapsed": 19761.530068, "delta": 508.818995}}
{"target": 0.3245795682432974, "params": {"weight": 0.2309710677159066}, "datetime": {"datetime": "2021-03-11 02:23:04", "elapsed": 20270.006774, "delta": 508.476706}}
{"target": 0.32438031043780746, "params": {"weight": 0.21818828197092888}, "datetime": {"datetime": "2021-03-11 02:31:33", "elapsed": 20779.2478, "delta": 509.241026}}
{"target": 0.32466249850347234, "params": {"weight": 0.22983666886044796}, "datetime": {"datetime": "2021-03-11 02:40:04", "elapsed": 21290.102656, "delta": 510.854856}}
{"target": 0.32490409558322153, "params": {"weight": 0.22716286702314314}, "datetime": {"datetime": "2021-03-11 02:48:33", "elapsed": 21799.59548, "delta": 509.492824}}
{"target": 0.32477007487485937, "params": {"weight": 0.22914439123571928}, "datetime": {"datetime": "2021-03-11 02:57:02", "elapsed": 22308.514102, "delta": 508.918622}}
{"target": 0.3239851036196678, "params": {"weight": 0.22380181777709807}, "datetime": {"datetime": "2021-03-11 03:05:32", "elapsed": 22818.312569, "delta": 509.798467}}
{"target": 0.32438463808165724, "params": {"weight": 0.2183201540612325}, "datetime": {"datetime": "2021-03-11 03:14:01", "elapsed": 23327.510389, "delta": 509.19782}}
{"target": 0.324454285785761, "params": {"weight": 0.23019459328863012}, "datetime": {"datetime": "2021-03-11 03:22:32", "elapsed": 23837.964616, "delta": 510.454227}}
{"target": 0.3246219111870792, "params": {"weight": 0.2317149768823693}, "datetime": {"datetime": "2021-03-11 03:31:02", "elapsed": 24348.102239, "delta": 510.137623}}
{"target": 0.32435159562342675, "params": {"weight": 0.21721703955987082}, "datetime": {"datetime": "2021-03-11 03:39:31", "elapsed": 24856.7169, "delta": 508.614661}}
{"target": 0.3245332339754163, "params": {"weight": 0.23062369905707603}, "datetime": {"datetime": "2021-03-11 03:48:01", "elapsed": 25366.784976, "delta": 510.068076}}
