{"target": 0.06720354070816226, "params": {"k": 83.98737893581223}, "datetime": {"datetime": "2021-03-15 17:59:21", "elapsed": 0.0, "delta": 0.0}}
{"target": 0.06713743541577155, "params": {"k": 150.3087785235955}, "datetime": {"datetime": "2021-03-15 18:06:14", "elapsed": 413.306539, "delta": 413.306539}}
{"target": 0.0838768363499573, "params": {"k": 1.0093787076978926}, "datetime": {"datetime": "2021-03-15 18:09:56", "elapsed": 635.10957, "delta": 221.803031}}
{"target": 0.0838768363499573, "params": {"k": 1.0282312516699716}, "datetime": {"datetime": "2021-03-15 18:13:36", "elapsed": 855.038766, "delta": 219.929196}}
{"target": 0.0838768363499573, "params": {"k": 1.0143844736436158}, "datetime": {"datetime": "2021-03-15 18:17:11", "elapsed": 1069.805637, "delta": 214.766871}}
{"target": 0.0838768363499573, "params": {"k": 1.0021465941115488}, "datetime": {"datetime": "2021-03-15 18:20:23", "elapsed": 1261.494484, "delta": 191.688847}}
{"target": 0.0838768363499573, "params": {"k": 1.0092470801673512}, "datetime": {"datetime": "2021-03-15 18:23:34", "elapsed": 1453.030099, "delta": 191.535615}}
{"target": 0.0838768363499573, "params": {"k": 1.0045712365843094}, "datetime": {"datetime": "2021-03-15 18:26:46", "elapsed": 1645.252171, "delta": 192.222072}}
{"target": 0.0838768363499573, "params": {"k": 1.014593916523798}, "datetime": {"datetime": "2021-03-15 18:29:58", "elapsed": 1836.768103, "delta": 191.515932}}
{"target": 0.0838768363499573, "params": {"k": 1.0301377567798515}, "datetime": {"datetime": "2021-03-15 18:33:09", "elapsed": 2027.558834, "delta": 190.790731}}
{"target": 0.0838768363499573, "params": {"k": 1.0029738564605188}, "datetime": {"datetime": "2021-03-15 18:36:20", "elapsed": 2219.312811, "delta": 191.753977}}
{"target": 0.0838768363499573, "params": {"k": 1.007377252270725}, "datetime": {"datetime": "2021-03-15 18:39:33", "elapsed": 2411.558627, "delta": 192.245816}}
{"target": 0.0838768363499573, "params": {"k": 1.013968227802486}, "datetime": {"datetime": "2021-03-15 18:42:42", "elapsed": 2601.000551, "delta": 189.441924}}
{"target": 0.0838768363499573, "params": {"k": 1.0109316787160467}, "datetime": {"datetime": "2021-03-15 18:45:52", "elapsed": 2790.596352, "delta": 189.595801}}
{"target": 0.0838768363499573, "params": {"k": 1.0258843625479144}, "datetime": {"datetime": "2021-03-15 18:49:03", "elapsed": 2981.851355, "delta": 191.255003}}
{"target": 0.0838768363499573, "params": {"k": 1.0072472050060703}, "datetime": {"datetime": "2021-03-15 18:52:13", "elapsed": 3171.520025, "delta": 189.66867}}
{"target": 0.0838768363499573, "params": {"k": 1.0042861053392702}, "datetime": {"datetime": "2021-03-15 18:55:23", "elapsed": 3362.096249, "delta": 190.576224}}
{"target": 0.0838768363499573, "params": {"k": 1.0049427861434825}, "datetime": {"datetime": "2021-03-15 18:58:35", "elapsed": 3553.774683, "delta": 191.678434}}
{"target": 0.0838768363499573, "params": {"k": 1.0165831106091603}, "datetime": {"datetime": "2021-03-15 19:01:46", "elapsed": 3745.308429, "delta": 191.533746}}
{"target": 0.0838768363499573, "params": {"k": 1.033235908957621}, "datetime": {"datetime": "2021-03-15 19:04:57", "elapsed": 3935.412517, "delta": 190.104088}}
{"target": 0.0838768363499573, "params": {"k": 1.0096625849767347}, "datetime": {"datetime": "2021-03-15 19:08:09", "elapsed": 4127.388567, "delta": 191.97605}}
