{"target": 0.0671360814927323, "params": {"k": 208.511002351287}, "datetime": {"datetime": "2021-03-10 23:25:02", "elapsed": 0.0, "delta": 0.0}}
{"target": 0.06713806514741769, "params": {"k": 375.14768473265195}, "datetime": {"datetime": "2021-03-10 23:35:57", "elapsed": 654.94454, "delta": 654.94454}}
{"target": 0.059113918244878855, "params": {"k": 0.02356459220576035}, "datetime": {"datetime": "2021-03-10 23:39:32", "elapsed": 869.812904, "delta": 214.868364}}
{"target": 0.06713806514741769, "params": {"k": 499.9312633736108}, "datetime": {"datetime": "2021-03-10 23:50:27", "elapsed": 1524.22566, "delta": 654.412756}}
{"target": 0.06713806514741769, "params": {"k": 345.5581348739509}, "datetime": {"datetime": "2021-03-11 00:01:23", "elapsed": 2180.513988, "delta": 656.288328}}
{"target": 0.06713806514741769, "params": {"k": 499.8764889504558}, "datetime": {"datetime": "2021-03-11 00:12:19", "elapsed": 2836.453243, "delta": 655.939255}}
{"target": 0.06713806514741769, "params": {"k": 499.8857068362972}, "datetime": {"datetime": "2021-03-11 00:23:17", "elapsed": 3494.102836, "delta": 657.649593}}
{"target": 0.06713806514741769, "params": {"k": 499.94765220048833}, "datetime": {"datetime": "2021-03-11 00:34:11", "elapsed": 4148.088227, "delta": 653.985391}}
{"target": 0.06713806514741769, "params": {"k": 499.9821861357334}, "datetime": {"datetime": "2021-03-11 00:45:07", "elapsed": 4804.740965, "delta": 656.652738}}
{"target": 0.06713806514741769, "params": {"k": 349.6296556941534}, "datetime": {"datetime": "2021-03-11 00:56:03", "elapsed": 5460.425356, "delta": 655.684391}}
{"target": 0.06713806514741769, "params": {"k": 358.6111797727777}, "datetime": {"datetime": "2021-03-11 01:07:01", "elapsed": 6118.5541, "delta": 658.128744}}
{"target": 0.06713806514741769, "params": {"k": 362.92275928747455}, "datetime": {"datetime": "2021-03-11 01:17:56", "elapsed": 6773.891753, "delta": 655.337653}}
{"target": 0.06713806514741769, "params": {"k": 368.98098661232956}, "datetime": {"datetime": "2021-03-11 01:28:50", "elapsed": 7427.527828, "delta": 653.636075}}
{"target": 0.06713806514741769, "params": {"k": 499.9432881137677}, "datetime": {"datetime": "2021-03-11 01:39:45", "elapsed": 8082.129664, "delta": 654.601836}}
{"target": 0.06713806514741769, "params": {"k": 499.9380271993273}, "datetime": {"datetime": "2021-03-11 01:50:40", "elapsed": 8737.959663, "delta": 655.829999}}
{"target": 0.06713806514741769, "params": {"k": 369.7563069029637}, "datetime": {"datetime": "2021-03-11 02:01:36", "elapsed": 9393.459332, "delta": 655.499669}}
{"target": 0.06713806514741769, "params": {"k": 373.6813112452448}, "datetime": {"datetime": "2021-03-11 02:12:29", "elapsed": 10046.57666, "delta": 653.117328}}
{"target": 0.06713806514741769, "params": {"k": 376.3229875213559}, "datetime": {"datetime": "2021-03-11 02:23:24", "elapsed": 10701.060893, "delta": 654.484233}}
{"target": 0.06713806514741769, "params": {"k": 499.8979246776746}, "datetime": {"datetime": "2021-03-11 02:34:20", "elapsed": 11357.105465, "delta": 656.044572}}
{"target": 0.06713806514741769, "params": {"k": 499.77614240233834}, "datetime": {"datetime": "2021-03-11 02:45:15", "elapsed": 12012.472364, "delta": 655.366899}}
{"target": 0.06713806514741769, "params": {"k": 499.9418887463356}, "datetime": {"datetime": "2021-03-11 02:56:11", "elapsed": 12668.364483, "delta": 655.892119}}
{"target": 0.06713806514741769, "params": {"k": 380.5158090474587}, "datetime": {"datetime": "2021-03-11 03:07:08", "elapsed": 13325.442497, "delta": 657.078014}}
{"target": 0.06713806514741769, "params": {"k": 384.28208981856943}, "datetime": {"datetime": "2021-03-11 03:18:02", "elapsed": 13979.853399, "delta": 654.410902}}
{"target": 0.06713806514741769, "params": {"k": 387.8157090708892}, "datetime": {"datetime": "2021-03-11 03:28:57", "elapsed": 14634.972838, "delta": 655.119439}}
{"target": 0.06713806514741769, "params": {"k": 387.41278986488186}, "datetime": {"datetime": "2021-03-11 03:39:52", "elapsed": 15289.896698, "delta": 654.92386}}
{"target": 0.06713806514741769, "params": {"k": 380.78378982236444}, "datetime": {"datetime": "2021-03-11 03:50:49", "elapsed": 15946.103076, "delta": 656.206378}}
{"target": 0.06713806514741769, "params": {"k": 393.81418424786284}, "datetime": {"datetime": "2021-03-11 04:01:42", "elapsed": 16599.380063, "delta": 653.276987}}
{"target": 0.06713806514741769, "params": {"k": 392.74597870041754}, "datetime": {"datetime": "2021-03-11 04:12:40", "elapsed": 17257.488882, "delta": 658.108819}}
{"target": 0.06713806514741769, "params": {"k": 499.90170703993306}, "datetime": {"datetime": "2021-03-11 04:23:35", "elapsed": 17912.479991, "delta": 654.991109}}
{"target": 0.06713806514741769, "params": {"k": 399.553117848989}, "datetime": {"datetime": "2021-03-11 04:34:30", "elapsed": 18567.189808, "delta": 654.709817}}
{"target": 0.06713806514741769, "params": {"k": 499.8803782726178}, "datetime": {"datetime": "2021-03-11 04:45:25", "elapsed": 19222.811515, "delta": 655.621707}}
{"target": 0.06713806514741769, "params": {"k": 399.8887464120156}, "datetime": {"datetime": "2021-03-11 04:56:22", "elapsed": 19879.761907, "delta": 656.950392}}
{"target": 0.06713806514741769, "params": {"k": 399.2032076572351}, "datetime": {"datetime": "2021-03-11 05:07:19", "elapsed": 20536.389603, "delta": 656.627696}}
{"target": 0.06713806514741769, "params": {"k": 498.8933665599711}, "datetime": {"datetime": "2021-03-11 05:18:14", "elapsed": 21191.257513, "delta": 654.86791}}
{"target": 0.06713806514741769, "params": {"k": 384.9522609225924}, "datetime": {"datetime": "2021-03-11 05:29:10", "elapsed": 21847.651481, "delta": 656.393968}}
{"target": 0.06713806514741769, "params": {"k": 397.2379122434556}, "datetime": {"datetime": "2021-03-11 05:40:06", "elapsed": 22503.270687, "delta": 655.619206}}
{"target": 0.06713806514741769, "params": {"k": 499.6586033252665}, "datetime": {"datetime": "2021-03-11 05:51:01", "elapsed": 23158.39202, "delta": 655.121333}}
{"target": 0.06713806514741769, "params": {"k": 408.4574639707622}, "datetime": {"datetime": "2021-03-11 06:01:54", "elapsed": 23811.590009, "delta": 653.197989}}
{"target": 0.06713806514741769, "params": {"k": 396.90989046020496}, "datetime": {"datetime": "2021-03-11 06:12:52", "elapsed": 24469.075603, "delta": 657.485594}}
{"target": 0.06713806514741769, "params": {"k": 499.93914456219454}, "datetime": {"datetime": "2021-03-11 06:23:47", "elapsed": 25124.806022, "delta": 655.730419}}
{"target": 0.06713806514741769, "params": {"k": 384.172679827625}, "datetime": {"datetime": "2021-03-11 06:34:44", "elapsed": 25781.693873, "delta": 656.887851}}
{"target": 0.06713806514741769, "params": {"k": 499.84972707815325}, "datetime": {"datetime": "2021-03-11 06:45:41", "elapsed": 26438.045776, "delta": 656.351903}}
{"target": 0.06713806514741769, "params": {"k": 396.46039375232704}, "datetime": {"datetime": "2021-03-11 06:56:37", "elapsed": 27094.302121, "delta": 656.256345}}
{"target": 0.06713806514741769, "params": {"k": 499.8891167642317}, "datetime": {"datetime": "2021-03-11 07:07:35", "elapsed": 27752.891902, "delta": 658.589781}}
{"target": 0.06713806514741769, "params": {"k": 499.35771705229325}, "datetime": {"datetime": "2021-03-11 07:18:29", "elapsed": 28406.277687, "delta": 653.385785}}
{"target": 0.06713806514741769, "params": {"k": 407.8291781312384}, "datetime": {"datetime": "2021-03-11 07:29:18", "elapsed": 29055.908027, "delta": 649.63034}}
{"target": 0.06713806514741769, "params": {"k": 499.62008661228214}, "datetime": {"datetime": "2021-03-11 07:40:08", "elapsed": 29705.14675, "delta": 649.238723}}
{"target": 0.06713806514741769, "params": {"k": 404.41827096634603}, "datetime": {"datetime": "2021-03-11 07:51:20", "elapsed": 30377.234811, "delta": 672.088061}}
{"target": 0.06713806514741769, "params": {"k": 499.97352157412655}, "datetime": {"datetime": "2021-03-11 08:02:40", "elapsed": 31057.990796, "delta": 680.755985}}
{"target": 0.06713806514741769, "params": {"k": 395.1687567868849}, "datetime": {"datetime": "2021-03-11 08:13:33", "elapsed": 31710.141113, "delta": 652.150317}}
